Using pre-set license
Built from '2021.3/staging' branch; Version is '2021.3.2f1 (d6360bedb9a0) revision 14038539'; Using compiler version '192829333'; Build Type 'Release'
OS: 'Windows 11  (10.0.22000) 64bit Professional' Language: 'ko' Physical Memory: 32555 MB
BatchMode: 1, IsHumanControllingUs: 0, StartBugReporterOnCrash: 0, Is64bit: 1, IsPro: 1

COMMAND LINE ARGUMENTS:
C:\Program Files\Unity\Hub\Editor\2021.3.2f1\Editor\Unity.exe
-adb2
-batchMode
-noUpm
-name
AssetImportWorker1
-projectPath
D:/Private_WorkRoom/workRoom
-logFile
Logs/AssetImportWorker1.log
-srvPort
54269
Successfully changed project path to: D:/Private_WorkRoom/workRoom
D:/Private_WorkRoom/workRoom
[UnityMemory] Configuration Parameters - Can be set up in boot.config
    "memorysetup-bucket-allocator-granularity=16"
    "memorysetup-bucket-allocator-bucket-count=8"
    "memorysetup-bucket-allocator-block-size=33554432"
    "memorysetup-bucket-allocator-block-count=8"
    "memorysetup-main-allocator-block-size=16777216"
    "memorysetup-thread-allocator-block-size=16777216"
    "memorysetup-gfx-main-allocator-block-size=16777216"
    "memorysetup-gfx-thread-allocator-block-size=16777216"
    "memorysetup-cache-allocator-block-size=4194304"
    "memorysetup-typetree-allocator-block-size=2097152"
    "memorysetup-profiler-bucket-allocator-granularity=16"
    "memorysetup-profiler-bucket-allocator-bucket-count=8"
    "memorysetup-profiler-bucket-allocator-block-size=33554432"
    "memorysetup-profiler-bucket-allocator-block-count=8"
    "memorysetup-profiler-allocator-block-size=16777216"
    "memorysetup-profiler-editor-allocator-block-size=1048576"
    "memorysetup-temp-allocator-size-main=16777216"
    "memorysetup-job-temp-allocator-block-size=2097152"
    "memorysetup-job-temp-allocator-block-size-background=1048576"
    "memorysetup-job-temp-allocator-reduction-small-platforms=262144"
    "memorysetup-temp-allocator-size-background-worker=32768"
    "memorysetup-temp-allocator-size-job-worker=262144"
    "memorysetup-temp-allocator-size-preload-manager=33554432"
    "memorysetup-temp-allocator-size-nav-mesh-worker=65536"
    "memorysetup-temp-allocator-size-audio-worker=65536"
    "memorysetup-temp-allocator-size-cloud-worker=32768"
    "memorysetup-temp-allocator-size-gi-baking-worker=262144"
    "memorysetup-temp-allocator-size-gfx=262144"
Refreshing native plugins compatible for Editor in 50.36 ms, found 3 plugins.
Preloading 0 native plugins for Editor in 0.00 ms.
Initialize engine version: 2021.3.2f1 (d6360bedb9a0)
[Subsystems] Discovering subsystems at path C:/Program Files/Unity/Hub/Editor/2021.3.2f1/Editor/Data/Resources/UnitySubsystems
[Subsystems] Discovering subsystems at path D:/Private_WorkRoom/workRoom/Assets
GfxDevice: creating device client; threaded=0; jobified=0
Direct3D:
    Version:  Direct3D 11.0 [level 11.1]
    Renderer: NVIDIA GeForce GTX 1080 (ID=0x1b80)
    Vendor:   NVIDIA
    VRAM:     8079 MB
    Driver:   31.0.15.1659
Initialize mono
Mono path[0] = 'C:/Program Files/Unity/Hub/Editor/2021.3.2f1/Editor/Data/Managed'
Mono path[1] = 'C:/Program Files/Unity/Hub/Editor/2021.3.2f1/Editor/Data/MonoBleedingEdge/lib/mono/unityjit-win32'
Mono config path = 'C:/Program Files/Unity/Hub/Editor/2021.3.2f1/Editor/Data/MonoBleedingEdge/etc'
Using monoOptions --debugger-agent=transport=dt_socket,embedding=1,server=y,suspend=n,address=127.0.0.1:56964
Begin MonoManager ReloadAssembly
Registering precompiled unity dll's ...
Register platform support module: C:/Program Files/Unity/Hub/Editor/2021.3.2f1/Editor/Data/PlaybackEngines/WindowsStandaloneSupport/UnityEditor.WindowsStandalone.Extensions.dll
Registered in 0.002368 seconds.
Native extension for WindowsStandalone target not found
Refreshing native plugins compatible for Editor in 46.90 ms, found 3 plugins.
Preloading 0 native plugins for Editor in 0.00 ms.
Mono: successfully reloaded assembly
- Completed reload, in  0.386 seconds
Domain Reload Profiling:
	ReloadAssembly (386ms)
		BeginReloadAssembly (51ms)
			ExecutionOrderSort (0ms)
			DisableScriptedObjects (0ms)
			BackupInstance (0ms)
			ReleaseScriptingObjects (0ms)
			CreateAndSetChildDomain (0ms)
		EndReloadAssembly (269ms)
			LoadAssemblies (50ms)
			RebuildTransferFunctionScriptingTraits (0ms)
			SetupTypeCache (65ms)
			ReleaseScriptCaches (0ms)
			RebuildScriptCaches (16ms)
			SetupLoadedEditorAssemblies (156ms)
				LogAssemblyErrors (0ms)
				InitializePlatformSupportModulesInManaged (5ms)
				SetLoadedEditorAssemblies (0ms)
				RefreshPlugins (47ms)
				BeforeProcessingInitializeOnLoad (1ms)
				ProcessInitializeOnLoadAttributes (76ms)
				ProcessInitializeOnLoadMethodAttributes (28ms)
				AfterProcessingInitializeOnLoad (0ms)
				EditorAssembliesLoaded (0ms)
			ExecutionOrderSort2 (0ms)
			AwakeInstancesAfterBackupRestoration (0ms)
Platform modules already initialized, skipping
Registering precompiled user dll's ...
Registered in 0.001782 seconds.
Begin MonoManager ReloadAssembly
Symbol file LoadedFromMemory doesn't match image D:\Private_WorkRoom\workRoom\Library\PackageCache\com.unity.visualscripting@1.7.6\Editor\VisualScripting.Core\Dependencies\YamlDotNet\Unity.VisualScripting.YamlDotNet.dll
Symbol file LoadedFromMemory doesn't match image D:\Private_WorkRoom\workRoom\Library\PackageCache\com.unity.visualscripting@1.7.6\Editor\VisualScripting.Core\Dependencies\DotNetZip\Unity.VisualScripting.IonicZip.dll
Native extension for WindowsStandalone target not found
Refreshing native plugins compatible for Editor in 0.39 ms, found 3 plugins.
Preloading 0 native plugins for Editor in 0.00 ms.
Mono: successfully reloaded assembly
- Completed reload, in  0.611 seconds
Domain Reload Profiling:
	ReloadAssembly (612ms)
		BeginReloadAssembly (69ms)
			ExecutionOrderSort (0ms)
			DisableScriptedObjects (3ms)
			BackupInstance (0ms)
			ReleaseScriptingObjects (0ms)
			CreateAndSetChildDomain (12ms)
		EndReloadAssembly (474ms)
			LoadAssemblies (50ms)
			RebuildTransferFunctionScriptingTraits (0ms)
			SetupTypeCache (154ms)
			ReleaseScriptCaches (0ms)
			RebuildScriptCaches (28ms)
			SetupLoadedEditorAssemblies (221ms)
				LogAssemblyErrors (0ms)
				InitializePlatformSupportModulesInManaged (3ms)
				SetLoadedEditorAssemblies (0ms)
				RefreshPlugins (0ms)
				BeforeProcessingInitializeOnLoad (48ms)
				ProcessInitializeOnLoadAttributes (148ms)
				ProcessInitializeOnLoadMethodAttributes (17ms)
				AfterProcessingInitializeOnLoad (3ms)
				EditorAssembliesLoaded (0ms)
			ExecutionOrderSort2 (0ms)
			AwakeInstancesAfterBackupRestoration (4ms)
Platform modules already initialized, skipping
========================================================================
Worker process is ready to serve import requests
Launched and connected shader compiler UnityShaderCompiler.exe after 0.04 seconds
Refreshing native plugins compatible for Editor in 0.36 ms, found 3 plugins.
Preloading 0 native plugins for Editor in 0.00 ms.
Unloading 3361 Unused Serialized files (Serialized files now loaded: 0)
Unloading 26 unused Assets / (112.1 KB). Loaded Objects now: 3818.
Memory consumption went from 115.8 MB to 115.7 MB.
Total: 2.201900 ms (FindLiveObjects: 0.164300 ms CreateObjectMapping: 0.078400 ms MarkObjects: 1.887000 ms  DeleteObjects: 0.071100 ms)

AssetImportParameters requested are different than current active one (requested -> active):
  custom:video-decoder-ogg-theora: a1e56fd34408186e4bbccfd4996cb3dc -> 
  custom:container-muxer-webm: aa71ff27fc2769a1b78a27578f13a17b -> 
  custom:container-demuxer-webm: 4f35f7cbe854078d1ac9338744f61a02 -> 
  custom:video-encoder-webm-vp8: eb34c28f22e8b96e1ab97ce403110664 -> 
  custom:audio-encoder-webm-vorbis: bf7c407c2cedff20999df2af8eb42d56 -> 
  custom:framework-win-MediaFoundation: 216162199b28c13a410421893ffa2e32 -> 
  custom:container-demuxer-ogg: 62fdf1f143b41e24485cea50d1cbac27 -> 
  custom:video-decoder-webm-vp8: 9c59270c3fd7afecdb556c50c9e8de78 -> 
  custom:audio-decoder-ogg-vorbis: bf7c407c2cedff20999df2af8eb42d56 -> 
========================================================================
Received Import Request.
  Time since last request: 181794.193965 seconds.
  path: Assets/Scripts/GameManager.cs
  artifactKey: Guid(b42f917af0d3df24fbc81b951ba72360) Importer(815301076,1909f56bfc062723c751e8b465ee728b)
Start importing Assets/Scripts/GameManager.cs using Guid(b42f917af0d3df24fbc81b951ba72360) Importer(815301076,1909f56bfc062723c751e8b465ee728b)  -> (artifact id: '4b125242ecfb81b4aba0d16394ea9dfa') in 0.020354 seconds 
========================================================================
Received Prepare
Registering precompiled user dll's ...
Registered in 0.001503 seconds.
Begin MonoManager ReloadAssembly
Symbol file LoadedFromMemory doesn't match image D:\Private_WorkRoom\workRoom\Library\PackageCache\com.unity.visualscripting@1.7.6\Editor\VisualScripting.Core\Dependencies\YamlDotNet\Unity.VisualScripting.YamlDotNet.dll
Symbol file LoadedFromMemory doesn't match image D:\Private_WorkRoom\workRoom\Library\PackageCache\com.unity.visualscripting@1.7.6\Editor\VisualScripting.Core\Dependencies\DotNetZip\Unity.VisualScripting.IonicZip.dll
Native extension for WindowsStandalone target not found
Refreshing native plugins compatible for Editor in 0.41 ms, found 3 plugins.
Preloading 0 native plugins for Editor in 0.00 ms.
Mono: successfully reloaded assembly
- Completed reload, in  0.583 seconds
Domain Reload Profiling:
	ReloadAssembly (583ms)
		BeginReloadAssembly (88ms)
			ExecutionOrderSort (0ms)
			DisableScriptedObjects (4ms)
			BackupInstance (0ms)
			ReleaseScriptingObjects (0ms)
			CreateAndSetChildDomain (26ms)
		EndReloadAssembly (438ms)
			LoadAssemblies (47ms)
			RebuildTransferFunctionScriptingTraits (0ms)
			SetupTypeCache (146ms)
			ReleaseScriptCaches (1ms)
			RebuildScriptCaches (24ms)
			SetupLoadedEditorAssemblies (195ms)
				LogAssemblyErrors (0ms)
				InitializePlatformSupportModulesInManaged (11ms)
				SetLoadedEditorAssemblies (0ms)
				RefreshPlugins (0ms)
				BeforeProcessingInitializeOnLoad (37ms)
				ProcessInitializeOnLoadAttributes (126ms)
				ProcessInitializeOnLoadMethodAttributes (18ms)
				AfterProcessingInitializeOnLoad (4ms)
				EditorAssembliesLoaded (0ms)
			ExecutionOrderSort2 (0ms)
			AwakeInstancesAfterBackupRestoration (4ms)
Platform modules already initialized, skipping
Refreshing native plugins compatible for Editor in 0.81 ms, found 3 plugins.
Preloading 0 native plugins for Editor in 0.00 ms.
Unloading 3356 Unused Serialized files (Serialized files now loaded: 0)
Unloading 19 unused Assets / (78.9 KB). Loaded Objects now: 3821.
Memory consumption went from 115.7 MB to 115.6 MB.
Total: 1.994500 ms (FindLiveObjects: 0.143700 ms CreateObjectMapping: 0.067600 ms MarkObjects: 1.725600 ms  DeleteObjects: 0.056600 ms)

AssetImportParameters requested are different than current active one (requested -> active):
  custom:video-decoder-ogg-theora: a1e56fd34408186e4bbccfd4996cb3dc -> 
  custom:container-muxer-webm: aa71ff27fc2769a1b78a27578f13a17b -> 
  custom:container-demuxer-webm: 4f35f7cbe854078d1ac9338744f61a02 -> 
  custom:video-encoder-webm-vp8: eb34c28f22e8b96e1ab97ce403110664 -> 
  custom:audio-encoder-webm-vorbis: bf7c407c2cedff20999df2af8eb42d56 -> 
  custom:framework-win-MediaFoundation: 216162199b28c13a410421893ffa2e32 -> 
  custom:container-demuxer-ogg: 62fdf1f143b41e24485cea50d1cbac27 -> 
  custom:video-decoder-webm-vp8: 9c59270c3fd7afecdb556c50c9e8de78 -> 
  custom:audio-decoder-ogg-vorbis: bf7c407c2cedff20999df2af8eb42d56 -> 
========================================================================
Received Import Request.
  Time since last request: 1484.143458 seconds.
  path: Assets/Materials/Wall.mat
  artifactKey: Guid(8526e31c0232d8e459677c1d5adc41bd) Importer(2089858483,934ff659095e30574adcf32a4c2f97b5)
Start importing Assets/Materials/Wall.mat using Guid(8526e31c0232d8e459677c1d5adc41bd) Importer(2089858483,934ff659095e30574adcf32a4c2f97b5) Generated GUIDs only implemented for interfaces!
 -> (artifact id: '2ba3d625d0e89549bfa6e6200234f2f1') in 0.064682 seconds 
========================================================================
Received Import Request.
  Time since last request: 0.000019 seconds.
  path: Assets/BigFurniturePack/Models/cabinet_1.FBX
  artifactKey: Guid(581f5b9b32333544dbe7767c89b4f02a) Importer(2089858483,934ff659095e30574adcf32a4c2f97b5)
Start importing Assets/BigFurniturePack/Models/cabinet_1.FBX using Guid(581f5b9b32333544dbe7767c89b4f02a) Importer(2089858483,934ff659095e30574adcf32a4c2f97b5) Generated GUIDs only implemented for interfaces!
 -> (artifact id: '41db7fa45eda03e1df5cd98e5c9fc5b9') in 0.018792 seconds 
========================================================================
Received Import Request.
  Time since last request: 0.000025 seconds.
  path: Assets/BigFurniturePack/Models/coffee_table_2.FBX
  artifactKey: Guid(4dc45c21ff53cad4e9605d32a38a5b3f) Importer(2089858483,934ff659095e30574adcf32a4c2f97b5)
Start importing Assets/BigFurniturePack/Models/coffee_table_2.FBX using Guid(4dc45c21ff53cad4e9605d32a38a5b3f) Importer(2089858483,934ff659095e30574adcf32a4c2f97b5) Generated GUIDs only implemented for interfaces!
 -> (artifact id: 'ea07e5febfa7536a3aa7b8741c126920') in 0.007432 seconds 
========================================================================
Received Import Request.
  Time since last request: 0.000019 seconds.
  path: Assets/BigFurniturePack/Models/corner_sofa.FBX
  artifactKey: Guid(6b9bc052bb2fcf447862462e34741ab2) Importer(2089858483,934ff659095e30574adcf32a4c2f97b5)
Start importing Assets/BigFurniturePack/Models/corner_sofa.FBX using Guid(6b9bc052bb2fcf447862462e34741ab2) Importer(2089858483,934ff659095e30574adcf32a4c2f97b5) Generated GUIDs only implemented for interfaces!
 -> (artifact id: '8f8c412cd537a83f94d3108d7fdb7388') in 0.015931 seconds 
========================================================================
Received Import Request.
  Time since last request: 0.000017 seconds.
  path: Assets/BigFurniturePack/Demo/demo/Lightmap-0_comp_light.exr
  artifactKey: Guid(13e67ac74e051d541a34d5c752bfbd3d) Importer(2089858483,934ff659095e30574adcf32a4c2f97b5)
Start importing Assets/BigFurniturePack/Demo/demo/Lightmap-0_comp_light.exr using Guid(13e67ac74e051d541a34d5c752bfbd3d) Importer(2089858483,934ff659095e30574adcf32a4c2f97b5) Generated GUIDs only implemented for interfaces!
 -> (artifact id: 'f6c7d2538727a803536ba088c313cce5') in 0.183599 seconds 
========================================================================
Received Import Request.
  Time since last request: 0.000023 seconds.
  path: Assets/BigFurniturePack/Models/Materials/cloth_3.mat
  artifactKey: Guid(1a44110be72ce9e4bbf38a866d859da0) Importer(2089858483,934ff659095e30574adcf32a4c2f97b5)
Start importing Assets/BigFurniturePack/Models/Materials/cloth_3.mat using Guid(1a44110be72ce9e4bbf38a866d859da0) Importer(2089858483,934ff659095e30574adcf32a4c2f97b5) Generated GUIDs only implemented for interfaces!
 -> (artifact id: '805d5ee4d4b5fd7332d16df7083701d2') in 0.008467 seconds 
========================================================================
Received Import Request.
  Time since last request: 0.000027 seconds.
  path: Assets/BigFurniturePack/Models/table_2.FBX
  artifactKey: Guid(406a820c0a319d444a69a40d56b8be03) Importer(2089858483,934ff659095e30574adcf32a4c2f97b5)
Start importing Assets/BigFurniturePack/Models/table_2.FBX using Guid(406a820c0a319d444a69a40d56b8be03) Importer(2089858483,934ff659095e30574adcf32a4c2f97b5) Generated GUIDs only implemented for interfaces!
 -> (artifact id: '976d4c1e33e57acb991a5ea52d9ae01f') in 0.006571 seconds 
========================================================================
Received Import Request.
  Time since last request: 0.000023 seconds.
  path: Assets/BigFurniturePack/Models/vase_4.FBX
  artifactKey: Guid(e5b84b736b834804dbc2ba73a5a59876) Importer(2089858483,934ff659095e30574adcf32a4c2f97b5)
Start importing Assets/BigFurniturePack/Models/vase_4.FBX using Guid(e5b84b736b834804dbc2ba73a5a59876) Importer(2089858483,934ff659095e30574adcf32a4c2f97b5) Generated GUIDs only implemented for interfaces!
 -> (artifact id: 'ccd334649b3fe3fed649c36a1a8ac855') in 0.010890 seconds 
========================================================================
Received Import Request.
  Time since last request: 0.000018 seconds.
  path: Assets/BigFurniturePack/Models/sofa_2.FBX
  artifactKey: Guid(4be90c5d9ce40a648bb37474c93d9c02) Importer(2089858483,934ff659095e30574adcf32a4c2f97b5)
Start importing Assets/BigFurniturePack/Models/sofa_2.FBX using Guid(4be90c5d9ce40a648bb37474c93d9c02) Importer(2089858483,934ff659095e30574adcf32a4c2f97b5) Generated GUIDs only implemented for interfaces!
 -> (artifact id: 'd6937641e7321bec6f65e7fd8fae658f') in 0.013559 seconds 
========================================================================
Received Import Request.
  Time since last request: 0.000016 seconds.
  path: Assets/BigFurniturePack/Models/kitchen_shelf_corner.FBX
  artifactKey: Guid(661cb1c9ddb722043a13fb3fcfe0ebc2) Importer(2089858483,934ff659095e30574adcf32a4c2f97b5)
Start importing Assets/BigFurniturePack/Models/kitchen_shelf_corner.FBX using Guid(661cb1c9ddb722043a13fb3fcfe0ebc2) Importer(2089858483,934ff659095e30574adcf32a4c2f97b5) Generated GUIDs only implemented for interfaces!
 -> (artifact id: '3e96e43b7590c0f7e09aa2c87abbcc1e') in 0.009180 seconds 
========================================================================
Received Import Request.
  Time since last request: 0.000017 seconds.
  path: Assets/BigFurniturePack/Models/mirror_4.FBX
  artifactKey: Guid(235d4aa4b3c45544293f97602638feaa) Importer(2089858483,934ff659095e30574adcf32a4c2f97b5)
Start importing Assets/BigFurniturePack/Models/mirror_4.FBX using Guid(235d4aa4b3c45544293f97602638feaa) Importer(2089858483,934ff659095e30574adcf32a4c2f97b5) Generated GUIDs only implemented for interfaces!
 -> (artifact id: '9caeb06f1c9a13ae09df9e67fbad59eb') in 0.010238 seconds 
========================================================================
Received Import Request.
  Time since last request: 0.000016 seconds.
  path: Assets/BigFurniturePack/Models/kitchen_shelf_corner_INV.FBX
  artifactKey: Guid(1585cbd1e4512a245b1657178702397d) Importer(2089858483,934ff659095e30574adcf32a4c2f97b5)
Start importing Assets/BigFurniturePack/Models/kitchen_shelf_corner_INV.FBX using Guid(1585cbd1e4512a245b1657178702397d) Importer(2089858483,934ff659095e30574adcf32a4c2f97b5) Generated GUIDs only implemented for interfaces!
 -> (artifact id: 'f672d89c9ffaada6ebbdee917b2c00b7') in 0.009945 seconds 
========================================================================
Received Import Request.
  Time since last request: 0.000017 seconds.
  path: Assets/BigFurniturePack/Models/coffee_table_4.FBX
  artifactKey: Guid(1b493fd098374a247ad9d467563cb973) Importer(2089858483,934ff659095e30574adcf32a4c2f97b5)
Start importing Assets/BigFurniturePack/Models/coffee_table_4.FBX using Guid(1b493fd098374a247ad9d467563cb973) Importer(2089858483,934ff659095e30574adcf32a4c2f97b5) Generated GUIDs only implemented for interfaces!
 -> (artifact id: 'd6b54f361c02fb438639cb1125df166b') in 0.011259 seconds 
========================================================================
Received Import Request.
  Time since last request: 0.000022 seconds.
  path: Assets/BigFurniturePack/Models/rack_4.FBX
  artifactKey: Guid(db2ded63075b6cd41aaa7d8a85da232d) Importer(2089858483,934ff659095e30574adcf32a4c2f97b5)
Start importing Assets/BigFurniturePack/Models/rack_4.FBX using Guid(db2ded63075b6cd41aaa7d8a85da232d) Importer(2089858483,934ff659095e30574adcf32a4c2f97b5) Generated GUIDs only implemented for interfaces!
 -> (artifact id: 'f6035b06cd75f14d3a4760b2274070ac') in 0.009033 seconds 
========================================================================
Received Import Request.
  Time since last request: 0.000017 seconds.
  path: Assets/BigFurniturePack/Materials/cloth_4.mat
  artifactKey: Guid(42b0a3dcba81ee14f8363f1c02555e8a) Importer(2089858483,934ff659095e30574adcf32a4c2f97b5)
Start importing Assets/BigFurniturePack/Materials/cloth_4.mat using Guid(42b0a3dcba81ee14f8363f1c02555e8a) Importer(2089858483,934ff659095e30574adcf32a4c2f97b5) Generated GUIDs only implemented for interfaces!
 -> (artifact id: '8388b2cd3f0a849e6401b20ed128360c') in 0.005445 seconds 
========================================================================
Received Import Request.
  Time since last request: 0.000015 seconds.
  path: Assets/BigFurniturePack/Models/rack_3.FBX
  artifactKey: Guid(27df19f247bebd344813479f564c4ef6) Importer(2089858483,934ff659095e30574adcf32a4c2f97b5)
Start importing Assets/BigFurniturePack/Models/rack_3.FBX using Guid(27df19f247bebd344813479f564c4ef6) Importer(2089858483,934ff659095e30574adcf32a4c2f97b5) Generated GUIDs only implemented for interfaces!
 -> (artifact id: '9d5e9afe4728c84a69c5e5795dfbd122') in 0.008609 seconds 
========================================================================
Received Import Request.
  Time since last request: 0.000018 seconds.
  path: Assets/BigFurniturePack/Models/kitchen_shelf_2.FBX
  artifactKey: Guid(708905db3fc5ad84993c9651cd501104) Importer(2089858483,934ff659095e30574adcf32a4c2f97b5)
Start importing Assets/BigFurniturePack/Models/kitchen_shelf_2.FBX using Guid(708905db3fc5ad84993c9651cd501104) Importer(2089858483,934ff659095e30574adcf32a4c2f97b5) Generated GUIDs only implemented for interfaces!
 -> (artifact id: '669a9aa04a273ee2903ec99ee50edbc0') in 0.009927 seconds 
========================================================================
Received Import Request.
  Time since last request: 0.000018 seconds.
  path: Assets/BigFurniturePack/Models/tv_table_3.FBX
  artifactKey: Guid(66b8701c20e350a4691a3d9bde16ddb5) Importer(2089858483,934ff659095e30574adcf32a4c2f97b5)
Start importing Assets/BigFurniturePack/Models/tv_table_3.FBX using Guid(66b8701c20e350a4691a3d9bde16ddb5) Importer(2089858483,934ff659095e30574adcf32a4c2f97b5) Generated GUIDs only implemented for interfaces!
 -> (artifact id: 'fe1ff4b9d7d6e35c5db6e693c4edb988') in 0.011046 seconds 
========================================================================
Received Import Request.
  Time since last request: 0.000022 seconds.
  path: Assets/BigFurniturePack/Models/washbasin.FBX
  artifactKey: Guid(2a7850605a17f504bbfdfaa591d5b419) Importer(2089858483,934ff659095e30574adcf32a4c2f97b5)
Start importing Assets/BigFurniturePack/Models/washbasin.FBX using Guid(2a7850605a17f504bbfdfaa591d5b419) Importer(2089858483,934ff659095e30574adcf32a4c2f97b5) Generated GUIDs only implemented for interfaces!
 -> (artifact id: 'f58c5091b4336ba4e3d0d92ed36297fb') in 0.022067 seconds 
========================================================================
Received Import Request.
  Time since last request: 0.000020 seconds.
  path: Assets/BigFurniturePack/Demo/demo/Lightmap-0_comp_dir.png
  artifactKey: Guid(ef9044abbea1bde4aa91ee4747799a80) Importer(2089858483,934ff659095e30574adcf32a4c2f97b5)
Start importing Assets/BigFurniturePack/Demo/demo/Lightmap-0_comp_dir.png using Guid(ef9044abbea1bde4aa91ee4747799a80) Importer(2089858483,934ff659095e30574adcf32a4c2f97b5) Generated GUIDs only implemented for interfaces!
 -> (artifact id: '3e28733639218c00cbb61ad851354f21') in 0.101778 seconds 
========================================================================
Received Import Request.
  Time since last request: 0.000018 seconds.
  path: Assets/BigFurniturePack/Prefabs/Cabinets&Racks/cabinet_1.prefab
  artifactKey: Guid(2efb098e46ba3e44cae4f1ba84005732) Importer(2089858483,934ff659095e30574adcf32a4c2f97b5)
Start importing Assets/BigFurniturePack/Prefabs/Cabinets&Racks/cabinet_1.prefab using Guid(2efb098e46ba3e44cae4f1ba84005732) Importer(2089858483,934ff659095e30574adcf32a4c2f97b5) Generated GUIDs only implemented for interfaces!
 -> (artifact id: 'a6aedbe7de9f533ed03dbf0f47c1ad86') in 0.010045 seconds 
========================================================================
Received Import Request.
  Time since last request: 0.000022 seconds.
  path: Assets/BigFurniturePack/Prefabs/Cabinets&Racks/rack_4.prefab
  artifactKey: Guid(969e14f1112395b4b816c3c2606022bf) Importer(2089858483,934ff659095e30574adcf32a4c2f97b5)
Start importing Assets/BigFurniturePack/Prefabs/Cabinets&Racks/rack_4.prefab using Guid(969e14f1112395b4b816c3c2606022bf) Importer(2089858483,934ff659095e30574adcf32a4c2f97b5) Generated GUIDs only implemented for interfaces!
 -> (artifact id: '7f8f4cec39c7ecd2cef3708c517f38a3') in 0.007091 seconds 
========================================================================
Received Import Request.
  Time since last request: 0.000017 seconds.
  path: Assets/BigFurniturePack/Prefabs/Modular kitchen/modular_kitchen_table_4_INV.prefab
  artifactKey: Guid(3ef68bc6de3dfab4daadb71aec4656bf) Importer(2089858483,934ff659095e30574adcf32a4c2f97b5)
Start importing Assets/BigFurniturePack/Prefabs/Modular kitchen/modular_kitchen_table_4_INV.prefab using Guid(3ef68bc6de3dfab4daadb71aec4656bf) Importer(2089858483,934ff659095e30574adcf32a4c2f97b5) Generated GUIDs only implemented for interfaces!
 -> (artifact id: '85e4f3a99978c86bba2bb532fcb6315e') in 0.014310 seconds 
========================================================================
Received Import Request.
  Time since last request: 0.000017 seconds.
  path: Assets/BigFurniturePack/Prefabs/Lights/torchere_1.prefab
  artifactKey: Guid(f4383bc7fc56a1e44b009cab877fd6c7) Importer(2089858483,934ff659095e30574adcf32a4c2f97b5)
Start importing Assets/BigFurniturePack/Prefabs/Lights/torchere_1.prefab using Guid(f4383bc7fc56a1e44b009cab877fd6c7) Importer(2089858483,934ff659095e30574adcf32a4c2f97b5) Generated GUIDs only implemented for interfaces!
 -> (artifact id: '1ac960d8e3b8a2d9339785c79926c3dc') in 0.011840 seconds 
========================================================================
Received Import Request.
  Time since last request: 0.000019 seconds.
  path: Assets/BigFurniturePack/Prefabs/Mirrors/mirror_3.prefab
  artifactKey: Guid(396d41ee955979149b21a20470890097) Importer(2089858483,934ff659095e30574adcf32a4c2f97b5)
Start importing Assets/BigFurniturePack/Prefabs/Mirrors/mirror_3.prefab using Guid(396d41ee955979149b21a20470890097) Importer(2089858483,934ff659095e30574adcf32a4c2f97b5) Generated GUIDs only implemented for interfaces!
 -> (artifact id: '8db435d5b47fc2c3fdfa49014a89424c') in 0.009047 seconds 
========================================================================
Received Import Request.
  Time since last request: 0.000023 seconds.
  path: Assets/BigFurniturePack/Models/Materials/wood_4.mat
  artifactKey: Guid(6a76e7af6b1ec1147a48ad88ee029051) Importer(2089858483,934ff659095e30574adcf32a4c2f97b5)
Start importing Assets/BigFurniturePack/Models/Materials/wood_4.mat using Guid(6a76e7af6b1ec1147a48ad88ee029051) Importer(2089858483,934ff659095e30574adcf32a4c2f97b5) Generated GUIDs only implemented for interfaces!
 -> (artifact id: '84b40fd9ef18658f17f955514844b564') in 0.007969 seconds 
========================================================================
Received Import Request.
  Time since last request: 0.000017 seconds.
  path: Assets/BigFurniturePack/Prefabs/Bathroom/toilet.prefab
  artifactKey: Guid(2c528509df862ef449544165d18b2dbf) Importer(2089858483,934ff659095e30574adcf32a4c2f97b5)
Start importing Assets/BigFurniturePack/Prefabs/Bathroom/toilet.prefab using Guid(2c528509df862ef449544165d18b2dbf) Importer(2089858483,934ff659095e30574adcf32a4c2f97b5) Generated GUIDs only implemented for interfaces!
 -> (artifact id: 'd8eb8e7f01dab689f141744ee23b87b5') in 0.012661 seconds 
========================================================================
Received Import Request.
  Time since last request: 0.000018 seconds.
  path: Assets/BigFurniturePack/Prefabs/Modular kitchen/kitchen_shelf_1.prefab
  artifactKey: Guid(bab2957dd377aea42995c59df2777846) Importer(2089858483,934ff659095e30574adcf32a4c2f97b5)
Start importing Assets/BigFurniturePack/Prefabs/Modular kitchen/kitchen_shelf_1.prefab using Guid(bab2957dd377aea42995c59df2777846) Importer(2089858483,934ff659095e30574adcf32a4c2f97b5) Generated GUIDs only implemented for interfaces!
 -> (artifact id: '3ba3f24768b06d5cf38bbd634748a78b') in 0.012800 seconds 
========================================================================
Received Import Request.
  Time since last request: 0.000015 seconds.
  path: Assets/BigFurniturePack/Prefabs/Bathroom/washbasin.prefab
  artifactKey: Guid(47af50246352ed14da4ade618d736175) Importer(2089858483,934ff659095e30574adcf32a4c2f97b5)
Start importing Assets/BigFurniturePack/Prefabs/Bathroom/washbasin.prefab using Guid(47af50246352ed14da4ade618d736175) Importer(2089858483,934ff659095e30574adcf32a4c2f97b5) Generated GUIDs only implemented for interfaces!
 -> (artifact id: '730027cf171168aff5cb73103065a86f') in 0.007506 seconds 
========================================================================
Received Import Request.
  Time since last request: 0.000016 seconds.
  path: Assets/BigFurniturePack/Prefabs/Lights/wall_lighter.prefab
  artifactKey: Guid(abf9c9ddc7f2f9d4fb450f472036aee7) Importer(2089858483,934ff659095e30574adcf32a4c2f97b5)
Start importing Assets/BigFurniturePack/Prefabs/Lights/wall_lighter.prefab using Guid(abf9c9ddc7f2f9d4fb450f472036aee7) Importer(2089858483,934ff659095e30574adcf32a4c2f97b5) Generated GUIDs only implemented for interfaces!
 -> (artifact id: '771e194e8fc115479c7e28ace262cf24') in 0.012514 seconds 
========================================================================
Received Import Request.
  Time since last request: 0.000015 seconds.
  path: Assets/BigFurniturePack/Models/brush.FBX
  artifactKey: Guid(f6d2bef1bd916964595eabb8b09a0e98) Importer(2089858483,934ff659095e30574adcf32a4c2f97b5)
Start importing Assets/BigFurniturePack/Models/brush.FBX using Guid(f6d2bef1bd916964595eabb8b09a0e98) Importer(2089858483,934ff659095e30574adcf32a4c2f97b5) Generated GUIDs only implemented for interfaces!
 -> (artifact id: '3a565a47bed51b27230d516bc90fc232') in 0.011185 seconds 
========================================================================
Received Import Request.
  Time since last request: 0.000015 seconds.
  path: Assets/BigFurniturePack/Models/kitchen_table_2.FBX
  artifactKey: Guid(e0853bea36301e940b5337e376f64f85) Importer(2089858483,934ff659095e30574adcf32a4c2f97b5)
Start importing Assets/BigFurniturePack/Models/kitchen_table_2.FBX using Guid(e0853bea36301e940b5337e376f64f85) Importer(2089858483,934ff659095e30574adcf32a4c2f97b5) Generated GUIDs only implemented for interfaces!
 -> (artifact id: '4afcfde80e400af4d67c19c16638fcfa') in 0.009725 seconds 
========================================================================
Received Import Request.
  Time since last request: 0.000015 seconds.
  path: Assets/BigFurniturePack/Prefabs/Sofas&Chairs/chair_4.prefab
  artifactKey: Guid(d534d0198c237a043a8e671f0bf2859e) Importer(2089858483,934ff659095e30574adcf32a4c2f97b5)
Start importing Assets/BigFurniturePack/Prefabs/Sofas&Chairs/chair_4.prefab using Guid(d534d0198c237a043a8e671f0bf2859e) Importer(2089858483,934ff659095e30574adcf32a4c2f97b5) Generated GUIDs only implemented for interfaces!
 -> (artifact id: '5eda05e0390c501b759645e94db2ed1a') in 0.007492 seconds 
========================================================================
Received Import Request.
  Time since last request: 0.000018 seconds.
  path: Assets/BigFurniturePack/Demo/demo/ReflectionProbe-0.exr
  artifactKey: Guid(d1a6eeffb163095458dc3cef18e0af2c) Importer(2089858483,934ff659095e30574adcf32a4c2f97b5)
Start importing Assets/BigFurniturePack/Demo/demo/ReflectionProbe-0.exr using Guid(d1a6eeffb163095458dc3cef18e0af2c) Importer(2089858483,934ff659095e30574adcf32a4c2f97b5) Generated GUIDs only implemented for interfaces!
 -> (artifact id: '55381aca300e57fc8e97f8982a6607da') in 0.004768 seconds 
========================================================================
Received Import Request.
  Time since last request: 0.000017 seconds.
  path: Assets/BigFurniturePack/Models/vase_5.FBX
  artifactKey: Guid(0926ad3fcc57bcd48b05b3fa80c84241) Importer(2089858483,934ff659095e30574adcf32a4c2f97b5)
Start importing Assets/BigFurniturePack/Models/vase_5.FBX using Guid(0926ad3fcc57bcd48b05b3fa80c84241) Importer(2089858483,934ff659095e30574adcf32a4c2f97b5) Generated GUIDs only implemented for interfaces!
 -> (artifact id: 'f330aea765200b2dd01456165201ca36') in 0.008744 seconds 
========================================================================
Received Import Request.
  Time since last request: 0.000017 seconds.
  path: Assets/BigFurniturePack/Models/chair_2.FBX
  artifactKey: Guid(09ab09c4c72d1bc42b19fdae40567808) Importer(2089858483,934ff659095e30574adcf32a4c2f97b5)
Start importing Assets/BigFurniturePack/Models/chair_2.FBX using Guid(09ab09c4c72d1bc42b19fdae40567808) Importer(2089858483,934ff659095e30574adcf32a4c2f97b5) Generated GUIDs only implemented for interfaces!
 -> (artifact id: 'd04bd881e447243ec523d9a863eae259') in 0.006511 seconds 
========================================================================
Received Import Request.
  Time since last request: 0.000015 seconds.
  path: Assets/BigFurniturePack/Models/sofa_3.FBX
  artifactKey: Guid(dd1e49b0a3e0dd449a7cb028f0aae903) Importer(2089858483,934ff659095e30574adcf32a4c2f97b5)
Start importing Assets/BigFurniturePack/Models/sofa_3.FBX using Guid(dd1e49b0a3e0dd449a7cb028f0aae903) Importer(2089858483,934ff659095e30574adcf32a4c2f97b5) Generated GUIDs only implemented for interfaces!
 -> (artifact id: 'fbfab8f823fdc8439f4ad9739233fd45') in 0.012635 seconds 
========================================================================
Received Import Request.
  Time since last request: 0.000021 seconds.
  path: Assets/BigFurniturePack/Prefabs/Lights/torchere_4.prefab
  artifactKey: Guid(ab7e43b46e30f5a409fe73d7d545bfa4) Importer(2089858483,934ff659095e30574adcf32a4c2f97b5)
Start importing Assets/BigFurniturePack/Prefabs/Lights/torchere_4.prefab using Guid(ab7e43b46e30f5a409fe73d7d545bfa4) Importer(2089858483,934ff659095e30574adcf32a4c2f97b5) Generated GUIDs only implemented for interfaces!
 -> (artifact id: '538094928fa455b79af63649a42fe080') in 0.009467 seconds 
========================================================================
Received Import Request.
  Time since last request: 0.000020 seconds.
  path: Assets/BigFurniturePack/Models/rack_5.FBX
  artifactKey: Guid(fb246b0516d4e7f43b2e77d5ab04ab7f) Importer(2089858483,934ff659095e30574adcf32a4c2f97b5)
Start importing Assets/BigFurniturePack/Models/rack_5.FBX using Guid(fb246b0516d4e7f43b2e77d5ab04ab7f) Importer(2089858483,934ff659095e30574adcf32a4c2f97b5) Generated GUIDs only implemented for interfaces!
 -> (artifact id: 'bf9819b6ecc7e7ca4458f291cf0368e2') in 0.004334 seconds 
========================================================================
Received Import Request.
  Time since last request: 0.000015 seconds.
  path: Assets/BigFurniturePack/Prefabs/Cabinets&Racks/rack_3.prefab
  artifactKey: Guid(8fc847fdd92983f43b5183ed20e269a3) Importer(2089858483,934ff659095e30574adcf32a4c2f97b5)
Start importing Assets/BigFurniturePack/Prefabs/Cabinets&Racks/rack_3.prefab using Guid(8fc847fdd92983f43b5183ed20e269a3) Importer(2089858483,934ff659095e30574adcf32a4c2f97b5) Generated GUIDs only implemented for interfaces!
 -> (artifact id: '4f192150ef5cbecb2cf7736f136652f6') in 0.009585 seconds 
========================================================================
Received Import Request.
  Time since last request: 0.000015 seconds.
  path: Assets/BigFurniturePack/Prefabs/Modular kitchen/kitchen_shelf_2.prefab
  artifactKey: Guid(da7880317cad2524a93cbb6056bbc922) Importer(2089858483,934ff659095e30574adcf32a4c2f97b5)
Start importing Assets/BigFurniturePack/Prefabs/Modular kitchen/kitchen_shelf_2.prefab using Guid(da7880317cad2524a93cbb6056bbc922) Importer(2089858483,934ff659095e30574adcf32a4c2f97b5) Generated GUIDs only implemented for interfaces!
 -> (artifact id: '35056939df6a1a7baf2d3d874c838fd9') in 0.009220 seconds 
========================================================================
Received Import Request.
  Time since last request: 0.000016 seconds.
  path: Assets/BigFurniturePack/Models/tv_table_2.FBX
  artifactKey: Guid(78b6f28ce2ffb9b47a8f1e7bdec4184b) Importer(2089858483,934ff659095e30574adcf32a4c2f97b5)
Start importing Assets/BigFurniturePack/Models/tv_table_2.FBX using Guid(78b6f28ce2ffb9b47a8f1e7bdec4184b) Importer(2089858483,934ff659095e30574adcf32a4c2f97b5) Generated GUIDs only implemented for interfaces!
 -> (artifact id: '0560b5168eb05fa953eb0f9270a629f7') in 0.010851 seconds 
========================================================================
Received Import Request.
  Time since last request: 0.000016 seconds.
  path: Assets/BigFurniturePack/Models/rack_1.FBX
  artifactKey: Guid(821da9cb1c989dd489ae524930f6bb0f) Importer(2089858483,934ff659095e30574adcf32a4c2f97b5)
Start importing Assets/BigFurniturePack/Models/rack_1.FBX using Guid(821da9cb1c989dd489ae524930f6bb0f) Importer(2089858483,934ff659095e30574adcf32a4c2f97b5) Generated GUIDs only implemented for interfaces!
 -> (artifact id: '6e60cc4617ffee4e66ce544e866db807') in 0.011721 seconds 
========================================================================
Received Import Request.
  Time since last request: 0.000018 seconds.
  path: Assets/BigFurniturePack/Prefabs/Cabinets&Racks/rack_1.prefab
  artifactKey: Guid(51df288df6d8c864aae27c801a5fd8a5) Importer(2089858483,934ff659095e30574adcf32a4c2f97b5)
Start importing Assets/BigFurniturePack/Prefabs/Cabinets&Racks/rack_1.prefab using Guid(51df288df6d8c864aae27c801a5fd8a5) Importer(2089858483,934ff659095e30574adcf32a4c2f97b5) Generated GUIDs only implemented for interfaces!
 -> (artifact id: 'a8f5958fbc50fc3add56acfe4c554509') in 0.009810 seconds 
========================================================================
Received Import Request.
  Time since last request: 0.000014 seconds.
  path: Assets/BigFurniturePack/Models/table_1.FBX
  artifactKey: Guid(e1978285e2f37954d90e9a40b85e6ce0) Importer(2089858483,934ff659095e30574adcf32a4c2f97b5)
Start importing Assets/BigFurniturePack/Models/table_1.FBX using Guid(e1978285e2f37954d90e9a40b85e6ce0) Importer(2089858483,934ff659095e30574adcf32a4c2f97b5) Generated GUIDs only implemented for interfaces!
 -> (artifact id: '32aafe36455610f2a5981c8698eadbae') in 0.010533 seconds 
========================================================================
Received Import Request.
  Time since last request: 0.000017 seconds.
  path: Assets/BigFurniturePack/Prefabs/Bathroom/flasket.prefab
  artifactKey: Guid(5c9ab8dcefc861c4c962bbf326d5abb5) Importer(2089858483,934ff659095e30574adcf32a4c2f97b5)
Start importing Assets/BigFurniturePack/Prefabs/Bathroom/flasket.prefab using Guid(5c9ab8dcefc861c4c962bbf326d5abb5) Importer(2089858483,934ff659095e30574adcf32a4c2f97b5) Generated GUIDs only implemented for interfaces!
 -> (artifact id: 'd198f7238a6070dca4722422169af18a') in 0.007296 seconds 
========================================================================
Received Import Request.
  Time since last request: 0.000015 seconds.
  path: Assets/Scripts/GameManager.cs
  artifactKey: Guid(b42f917af0d3df24fbc81b951ba72360) Importer(2089858483,934ff659095e30574adcf32a4c2f97b5)
Start importing Assets/Scripts/GameManager.cs using Guid(b42f917af0d3df24fbc81b951ba72360) Importer(2089858483,934ff659095e30574adcf32a4c2f97b5) Generated GUIDs only implemented for interfaces!
 -> (artifact id: '2ac11d8bf7a220a17227944abe0a7246') in 0.005748 seconds 
========================================================================
Received Import Request.
  Time since last request: 0.000017 seconds.
  path: Assets/BigFurniturePack/Prefabs/Cabinets&Racks/cabinet_2.prefab
  artifactKey: Guid(6cb4f5f750494f740a101f4c67f3f2c0) Importer(2089858483,934ff659095e30574adcf32a4c2f97b5)
Start importing Assets/BigFurniturePack/Prefabs/Cabinets&Racks/cabinet_2.prefab using Guid(6cb4f5f750494f740a101f4c67f3f2c0) Importer(2089858483,934ff659095e30574adcf32a4c2f97b5) Generated GUIDs only implemented for interfaces!
 -> (artifact id: '04ecf8349d38fd7df9854a98b883164d') in 0.013790 seconds 
========================================================================
Received Import Request.
  Time since last request: 0.000018 seconds.
  path: Assets/BigFurniturePack/Textures/wood_1.jpg
  artifactKey: Guid(e985334e4a9d3ab448b77393b5c06265) Importer(2089858483,934ff659095e30574adcf32a4c2f97b5)
Start importing Assets/BigFurniturePack/Textures/wood_1.jpg using Guid(e985334e4a9d3ab448b77393b5c06265) Importer(2089858483,934ff659095e30574adcf32a4c2f97b5) Generated GUIDs only implemented for interfaces!
 -> (artifact id: '68ad2369010fb4a182aa39dc842333c0') in 0.009026 seconds 
========================================================================
Received Import Request.
  Time since last request: 0.000014 seconds.
  path: Assets/BigFurniturePack/Models/Materials/floor.mat
  artifactKey: Guid(4b0cad466fb77ed4981710d807cf7ce8) Importer(2089858483,934ff659095e30574adcf32a4c2f97b5)
Start importing Assets/BigFurniturePack/Models/Materials/floor.mat using Guid(4b0cad466fb77ed4981710d807cf7ce8) Importer(2089858483,934ff659095e30574adcf32a4c2f97b5) Generated GUIDs only implemented for interfaces!
 -> (artifact id: '704943834d5f9ac8437344e3b828b417') in 0.008209 seconds 
========================================================================
Received Import Request.
  Time since last request: 0.000016 seconds.
  path: Assets/BigFurniturePack/Materials/wood_3.mat
  artifactKey: Guid(83a1f8f7bda44d2458fda86282b25317) Importer(2089858483,934ff659095e30574adcf32a4c2f97b5)
Start importing Assets/BigFurniturePack/Materials/wood_3.mat using Guid(83a1f8f7bda44d2458fda86282b25317) Importer(2089858483,934ff659095e30574adcf32a4c2f97b5) Generated GUIDs only implemented for interfaces!
 -> (artifact id: '65ba7dad5e647517cc5d3c8dbfeb97dc') in 0.005360 seconds 
========================================================================
Received Import Request.
  Time since last request: 0.000017 seconds.
  path: Assets/BigFurniturePack/Prefabs/Vases/vase_3.prefab
  artifactKey: Guid(b7768e1703027114b8fb81cb29192dc8) Importer(2089858483,934ff659095e30574adcf32a4c2f97b5)
Start importing Assets/BigFurniturePack/Prefabs/Vases/vase_3.prefab using Guid(b7768e1703027114b8fb81cb29192dc8) Importer(2089858483,934ff659095e30574adcf32a4c2f97b5) Generated GUIDs only implemented for interfaces!
 -> (artifact id: '3ec44ac78eaedc935d0f6bece73b51e7') in 0.008904 seconds 
========================================================================
Received Import Request.
  Time since last request: 0.000016 seconds.
  path: Assets/BigFurniturePack/Prefabs/Sofas&Chairs/pouf.prefab
  artifactKey: Guid(75c3709e2bf1e9843b30f0c81dbe6b11) Importer(2089858483,934ff659095e30574adcf32a4c2f97b5)
Start importing Assets/BigFurniturePack/Prefabs/Sofas&Chairs/pouf.prefab using Guid(75c3709e2bf1e9843b30f0c81dbe6b11) Importer(2089858483,934ff659095e30574adcf32a4c2f97b5) Generated GUIDs only implemented for interfaces!
 -> (artifact id: 'be03a9f46f9409c85bfd3e71f5b9b16b') in 0.012101 seconds 
========================================================================
Received Import Request.
  Time since last request: 0.000014 seconds.
  path: Assets/BigFurniturePack/Prefabs/Sofas&Chairs/sofa_3.prefab
  artifactKey: Guid(272a1dd3343458d45888ea8668d6e2ea) Importer(2089858483,934ff659095e30574adcf32a4c2f97b5)
Start importing Assets/BigFurniturePack/Prefabs/Sofas&Chairs/sofa_3.prefab using Guid(272a1dd3343458d45888ea8668d6e2ea) Importer(2089858483,934ff659095e30574adcf32a4c2f97b5) Generated GUIDs only implemented for interfaces!
 -> (artifact id: '389e9a9ab42d7799c8b2133046ba6c97') in 0.009309 seconds 
========================================================================
Received Import Request.
  Time since last request: 0.000016 seconds.
  path: Assets/BigFurniturePack/Prefabs/Tables/table_2.prefab
  artifactKey: Guid(89131f46d6bfc864699138153a2cc996) Importer(2089858483,934ff659095e30574adcf32a4c2f97b5)
Start importing Assets/BigFurniturePack/Prefabs/Tables/table_2.prefab using Guid(89131f46d6bfc864699138153a2cc996) Importer(2089858483,934ff659095e30574adcf32a4c2f97b5) Generated GUIDs only implemented for interfaces!
 -> (artifact id: 'b9fe8f8cd48f001d792d31669d7ceba4') in 0.005843 seconds 
========================================================================
Received Import Request.
  Time since last request: 0.000019 seconds.
  path: Assets/BigFurniturePack/Prefabs/Sofas&Chairs/sofa_2.prefab
  artifactKey: Guid(76f69c2044293fc40a066ff85ecb70df) Importer(2089858483,934ff659095e30574adcf32a4c2f97b5)
Start importing Assets/BigFurniturePack/Prefabs/Sofas&Chairs/sofa_2.prefab using Guid(76f69c2044293fc40a066ff85ecb70df) Importer(2089858483,934ff659095e30574adcf32a4c2f97b5) Generated GUIDs only implemented for interfaces!
 -> (artifact id: '733bcf0ce756ee7b440eeb7ec3d6115a') in 0.007299 seconds 
========================================================================
Received Import Request.
  Time since last request: 0.000018 seconds.
  path: Assets/BigFurniturePack/Prefabs/Tables/table_1.prefab
  artifactKey: Guid(da90dd5c59fc7b74797111fdae04254f) Importer(2089858483,934ff659095e30574adcf32a4c2f97b5)
Start importing Assets/BigFurniturePack/Prefabs/Tables/table_1.prefab using Guid(da90dd5c59fc7b74797111fdae04254f) Importer(2089858483,934ff659095e30574adcf32a4c2f97b5) Generated GUIDs only implemented for interfaces!
 -> (artifact id: '8e9a07fb103398ad0b5922ec0f221761') in 0.008511 seconds 
========================================================================
Received Import Request.
  Time since last request: 0.000017 seconds.
  path: Assets/BigFurniturePack/Prefabs/Sofas&Chairs/corner_sofa.prefab
  artifactKey: Guid(3afc3ad1f4025944cb7622a67af41586) Importer(2089858483,934ff659095e30574adcf32a4c2f97b5)
Start importing Assets/BigFurniturePack/Prefabs/Sofas&Chairs/corner_sofa.prefab using Guid(3afc3ad1f4025944cb7622a67af41586) Importer(2089858483,934ff659095e30574adcf32a4c2f97b5) Generated GUIDs only implemented for interfaces!
 -> (artifact id: 'c4c0150ae94c0e7e50ad2c65b6387931') in 0.016761 seconds 
========================================================================
Received Import Request.
  Time since last request: 0.000018 seconds.
  path: Assets/BigFurniturePack/Prefabs/Tables/kitchen_table_1.prefab
  artifactKey: Guid(4df135dcff5ef7b488faeec987a0fe1c) Importer(2089858483,934ff659095e30574adcf32a4c2f97b5)
Start importing Assets/BigFurniturePack/Prefabs/Tables/kitchen_table_1.prefab using Guid(4df135dcff5ef7b488faeec987a0fe1c) Importer(2089858483,934ff659095e30574adcf32a4c2f97b5) Generated GUIDs only implemented for interfaces!
 -> (artifact id: 'e246d771e42ef8ba01a7819d96bbe186') in 0.009076 seconds 
========================================================================
Received Import Request.
  Time since last request: 0.000019 seconds.
  path: Assets/BigFurniturePack/Prefabs/Vases/vase_4.prefab
  artifactKey: Guid(1535cfd3cbc7f7c48b4304ca1e26d850) Importer(2089858483,934ff659095e30574adcf32a4c2f97b5)
Start importing Assets/BigFurniturePack/Prefabs/Vases/vase_4.prefab using Guid(1535cfd3cbc7f7c48b4304ca1e26d850) Importer(2089858483,934ff659095e30574adcf32a4c2f97b5) Generated GUIDs only implemented for interfaces!
 -> (artifact id: '6e857070ba2e49c7c9460ffd3ac0a4ae') in 0.008581 seconds 
========================================================================
Received Import Request.
  Time since last request: 0.000018 seconds.
  path: Assets/BigFurniturePack/Prefabs/Tables/coffee_table_4.prefab
  artifactKey: Guid(395f9d952fa0b6c489ca4a50a9f95953) Importer(2089858483,934ff659095e30574adcf32a4c2f97b5)
Start importing Assets/BigFurniturePack/Prefabs/Tables/coffee_table_4.prefab using Guid(395f9d952fa0b6c489ca4a50a9f95953) Importer(2089858483,934ff659095e30574adcf32a4c2f97b5) Generated GUIDs only implemented for interfaces!
 -> (artifact id: 'f999baeceb0e7d03576128b39b72f0c9') in 0.008825 seconds 
========================================================================
Received Import Request.
  Time since last request: 0.000022 seconds.
  path: Assets/BigFurniturePack/Prefabs/Tables/coffee_table_3.prefab
  artifactKey: Guid(b4be6cb63b98d134bacd367e6b052bb2) Importer(2089858483,934ff659095e30574adcf32a4c2f97b5)
Start importing Assets/BigFurniturePack/Prefabs/Tables/coffee_table_3.prefab using Guid(b4be6cb63b98d134bacd367e6b052bb2) Importer(2089858483,934ff659095e30574adcf32a4c2f97b5) Generated GUIDs only implemented for interfaces!
 -> (artifact id: '774e47044623b79d1f92ef8cd1591d05') in 0.013621 seconds 
========================================================================
Received Import Request.
  Time since last request: 0.000017 seconds.
  path: Assets/BigFurniturePack/Textures/cloth_2.jpg
  artifactKey: Guid(06d346647450a0d4688aa76e20b03d78) Importer(2089858483,934ff659095e30574adcf32a4c2f97b5)
Start importing Assets/BigFurniturePack/Textures/cloth_2.jpg using Guid(06d346647450a0d4688aa76e20b03d78) Importer(2089858483,934ff659095e30574adcf32a4c2f97b5) Generated GUIDs only implemented for interfaces!
 -> (artifact id: 'feffcae14a75988961fc12e76c88dd4e') in 0.009237 seconds 
========================================================================
Received Import Request.
  Time since last request: 0.000022 seconds.
  path: Assets/BigFurniturePack/Models/coffee_table_3.FBX
  artifactKey: Guid(d079baae1a2aaaf499bfc49bdd7536f5) Importer(2089858483,934ff659095e30574adcf32a4c2f97b5)
Start importing Assets/BigFurniturePack/Models/coffee_table_3.FBX using Guid(d079baae1a2aaaf499bfc49bdd7536f5) Importer(2089858483,934ff659095e30574adcf32a4c2f97b5) Generated GUIDs only implemented for interfaces!
 -> (artifact id: '6d26705a8c4d45d4d03937d31fa6590d') in 0.006183 seconds 
========================================================================
Received Import Request.
  Time since last request: 0.000017 seconds.
  path: Assets/BigFurniturePack/Models/cabinet_2.FBX
  artifactKey: Guid(821d897858fdee444811c1ee3d5ba830) Importer(2089858483,934ff659095e30574adcf32a4c2f97b5)
Start importing Assets/BigFurniturePack/Models/cabinet_2.FBX using Guid(821d897858fdee444811c1ee3d5ba830) Importer(2089858483,934ff659095e30574adcf32a4c2f97b5) Generated GUIDs only implemented for interfaces!
 -> (artifact id: 'ae0ce65ea456dee754e8627f28a03b53') in 0.006772 seconds 
========================================================================
Received Import Request.
  Time since last request: 0.000018 seconds.
  path: Assets/BigFurniturePack/Models/wall_lighter.FBX
  artifactKey: Guid(2169bb8629cdb1b4a80d043c9c19501a) Importer(2089858483,934ff659095e30574adcf32a4c2f97b5)
Start importing Assets/BigFurniturePack/Models/wall_lighter.FBX using Guid(2169bb8629cdb1b4a80d043c9c19501a) Importer(2089858483,934ff659095e30574adcf32a4c2f97b5) Generated GUIDs only implemented for interfaces!
 -> (artifact id: '0f460a6fb186b82f11ffec06587d76da') in 0.006486 seconds 
========================================================================
Received Import Request.
  Time since last request: 0.000017 seconds.
  path: Assets/BigFurniturePack/Prefabs/Tables/kitchen_table_2.prefab
  artifactKey: Guid(398008aaa9b8a2e4ebd3860a13db4038) Importer(2089858483,934ff659095e30574adcf32a4c2f97b5)
Start importing Assets/BigFurniturePack/Prefabs/Tables/kitchen_table_2.prefab using Guid(398008aaa9b8a2e4ebd3860a13db4038) Importer(2089858483,934ff659095e30574adcf32a4c2f97b5) Generated GUIDs only implemented for interfaces!
 -> (artifact id: '7c681e24c61018e38558e4f52dd46e12') in 0.008044 seconds 
========================================================================
Received Import Request.
  Time since last request: 0.000019 seconds.
  path: Assets/BigFurniturePack/Textures/floor_nm.jpg
  artifactKey: Guid(e062115192ae44040b73f45112562490) Importer(2089858483,934ff659095e30574adcf32a4c2f97b5)
Start importing Assets/BigFurniturePack/Textures/floor_nm.jpg using Guid(e062115192ae44040b73f45112562490) Importer(2089858483,934ff659095e30574adcf32a4c2f97b5) Generated GUIDs only implemented for interfaces!
 -> (artifact id: '674ebe2d9fb9b2d4501b99f6460b638c') in 0.010333 seconds 
========================================================================
Received Import Request.
  Time since last request: 0.000022 seconds.
  path: Assets/BigFurniturePack/Models/shower.FBX
  artifactKey: Guid(55b6504ee3e22e44f81ec10519df607d) Importer(2089858483,934ff659095e30574adcf32a4c2f97b5)
Start importing Assets/BigFurniturePack/Models/shower.FBX using Guid(55b6504ee3e22e44f81ec10519df607d) Importer(2089858483,934ff659095e30574adcf32a4c2f97b5) Generated GUIDs only implemented for interfaces!
 -> (artifact id: '2d6509a500fd2e92ab4f78486c61dd3b') in 0.013899 seconds 
========================================================================
Received Import Request.
  Time since last request: 0.000015 seconds.
  path: Assets/BigFurniturePack/Models/modular_kitchen_table_1.FBX
  artifactKey: Guid(96c37495b1e4bc24db136dfffb14b0ef) Importer(2089858483,934ff659095e30574adcf32a4c2f97b5)
Start importing Assets/BigFurniturePack/Models/modular_kitchen_table_1.FBX using Guid(96c37495b1e4bc24db136dfffb14b0ef) Importer(2089858483,934ff659095e30574adcf32a4c2f97b5) Generated GUIDs only implemented for interfaces!
 -> (artifact id: '4c75be4d4672efae109bddabdfaa799a') in 0.005530 seconds 
========================================================================
Received Import Request.
  Time since last request: 0.000017 seconds.
  path: Assets/BigFurniturePack/Models/chair_3.FBX
  artifactKey: Guid(96677e1b867387e4bb7924c004052745) Importer(2089858483,934ff659095e30574adcf32a4c2f97b5)
Start importing Assets/BigFurniturePack/Models/chair_3.FBX using Guid(96677e1b867387e4bb7924c004052745) Importer(2089858483,934ff659095e30574adcf32a4c2f97b5) Generated GUIDs only implemented for interfaces!
 -> (artifact id: '6016cd1333a4216f9de3771bad053983') in 0.005862 seconds 
========================================================================
Received Import Request.
  Time since last request: 0.000016 seconds.
  path: Assets/BigFurniturePack/Models/toilet.FBX
  artifactKey: Guid(ea90797f5a8073e4cbc72f859e3782b8) Importer(2089858483,934ff659095e30574adcf32a4c2f97b5)
Start importing Assets/BigFurniturePack/Models/toilet.FBX using Guid(ea90797f5a8073e4cbc72f859e3782b8) Importer(2089858483,934ff659095e30574adcf32a4c2f97b5) Generated GUIDs only implemented for interfaces!
 -> (artifact id: '64ab198893d8c7486841558ab069b503') in 0.005377 seconds 
========================================================================
Received Import Request.
  Time since last request: 0.000023 seconds.
  path: Assets/BigFurniturePack/Prefabs/Bathroom/shower.prefab
  artifactKey: Guid(f47c3332cc1e27e429e62f14a27f814d) Importer(2089858483,934ff659095e30574adcf32a4c2f97b5)
Start importing Assets/BigFurniturePack/Prefabs/Bathroom/shower.prefab using Guid(f47c3332cc1e27e429e62f14a27f814d) Importer(2089858483,934ff659095e30574adcf32a4c2f97b5) Generated GUIDs only implemented for interfaces!
 -> (artifact id: '0b43f2e2382ede412ee0ae8d78436bad') in 0.008505 seconds 
========================================================================
Received Import Request.
  Time since last request: 0.000022 seconds.
  path: Assets/BigFurniturePack/Prefabs/Mirrors/mirror_4.prefab
  artifactKey: Guid(13756c1016e72ca44ae334c3465ca020) Importer(2089858483,934ff659095e30574adcf32a4c2f97b5)
Start importing Assets/BigFurniturePack/Prefabs/Mirrors/mirror_4.prefab using Guid(13756c1016e72ca44ae334c3465ca020) Importer(2089858483,934ff659095e30574adcf32a4c2f97b5) Generated GUIDs only implemented for interfaces!
 -> (artifact id: '23b20f792dd909c1fa6654fd3a47e2e3') in 0.008648 seconds 
========================================================================
Received Import Request.
  Time since last request: 0.000019 seconds.
  path: Assets/BigFurniturePack/Models/drying_with_towel.FBX
  artifactKey: Guid(8840620f7a7d1394f83c08d238fd9e10) Importer(2089858483,934ff659095e30574adcf32a4c2f97b5)
Start importing Assets/BigFurniturePack/Models/drying_with_towel.FBX using Guid(8840620f7a7d1394f83c08d238fd9e10) Importer(2089858483,934ff659095e30574adcf32a4c2f97b5) Generated GUIDs only implemented for interfaces!
 -> (artifact id: '764618f8de8080bbbd904237b2dfa742') in 0.005939 seconds 
========================================================================
Received Import Request.
  Time since last request: 0.000017 seconds.
  path: Assets/BigFurniturePack/Prefabs/Vases/vase_1.prefab
  artifactKey: Guid(caa8fd4c881e43744b8164d904df19c6) Importer(2089858483,934ff659095e30574adcf32a4c2f97b5)
Start importing Assets/BigFurniturePack/Prefabs/Vases/vase_1.prefab using Guid(caa8fd4c881e43744b8164d904df19c6) Importer(2089858483,934ff659095e30574adcf32a4c2f97b5) Generated GUIDs only implemented for interfaces!
 -> (artifact id: '9af008bd3f898832b23b00b0a5cdba79') in 0.009579 seconds 
========================================================================
Received Import Request.
  Time since last request: 0.000016 seconds.
  path: Assets/BigFurniturePack/Materials/floor.mat
  artifactKey: Guid(29e893fa926b4c247bdb51ceeb200347) Importer(2089858483,934ff659095e30574adcf32a4c2f97b5)
Start importing Assets/BigFurniturePack/Materials/floor.mat using Guid(29e893fa926b4c247bdb51ceeb200347) Importer(2089858483,934ff659095e30574adcf32a4c2f97b5) Generated GUIDs only implemented for interfaces!
 -> (artifact id: 'e5eb50afa47b1eaaaed8887893787798') in 0.005054 seconds 
========================================================================
Received Import Request.
  Time since last request: 0.000020 seconds.
  path: Assets/BigFurniturePack/Prefabs/Lights/torchere_2.prefab
  artifactKey: Guid(5ab7df4388e0265499e7e58faf1d6aed) Importer(2089858483,934ff659095e30574adcf32a4c2f97b5)
Start importing Assets/BigFurniturePack/Prefabs/Lights/torchere_2.prefab using Guid(5ab7df4388e0265499e7e58faf1d6aed) Importer(2089858483,934ff659095e30574adcf32a4c2f97b5) Generated GUIDs only implemented for interfaces!
 -> (artifact id: 'addf941dcf7e5bd59daefa79d1f42c4c') in 0.008197 seconds 
========================================================================
Received Import Request.
  Time since last request: 0.000017 seconds.
  path: Assets/BigFurniturePack/Models/pouf.FBX
  artifactKey: Guid(844581dbb36fdd242bcdb9cb96aab616) Importer(2089858483,934ff659095e30574adcf32a4c2f97b5)
Start importing Assets/BigFurniturePack/Models/pouf.FBX using Guid(844581dbb36fdd242bcdb9cb96aab616) Importer(2089858483,934ff659095e30574adcf32a4c2f97b5) Generated GUIDs only implemented for interfaces!
 -> (artifact id: '736692a9cebceae35a825b6ab006736e') in 0.006503 seconds 
========================================================================
Received Import Request.
  Time since last request: 0.000017 seconds.
  path: Assets/BigFurniturePack/Textures/cloth_1.jpg
  artifactKey: Guid(db4265b11df6af1438db306cd16c60ee) Importer(2089858483,934ff659095e30574adcf32a4c2f97b5)
Start importing Assets/BigFurniturePack/Textures/cloth_1.jpg using Guid(db4265b11df6af1438db306cd16c60ee) Importer(2089858483,934ff659095e30574adcf32a4c2f97b5) Generated GUIDs only implemented for interfaces!
 -> (artifact id: 'e4b728fb90d707b4599d883ffa8ddc9e') in 0.005877 seconds 
========================================================================
Received Import Request.
  Time since last request: 0.000018 seconds.
  path: Assets/BigFurniturePack/Models/torchere_3.FBX
  artifactKey: Guid(89ab013431757bf46ba4b32a1f1008bd) Importer(2089858483,934ff659095e30574adcf32a4c2f97b5)
Start importing Assets/BigFurniturePack/Models/torchere_3.FBX using Guid(89ab013431757bf46ba4b32a1f1008bd) Importer(2089858483,934ff659095e30574adcf32a4c2f97b5) Generated GUIDs only implemented for interfaces!
 -> (artifact id: '1e35065f2829ac75122d3bcbf2b923c1') in 0.006511 seconds 
========================================================================
Received Prepare
Refreshing native plugins compatible for Editor in 1.48 ms, found 3 plugins.
Preloading 0 native plugins for Editor in 0.00 ms.
Unloading 19 Unused Serialized files (Serialized files now loaded: 0)
Unloading 19 unused Assets / (76.3 KB). Loaded Objects now: 3821.
Memory consumption went from 49.5 MB to 49.4 MB.
Total: 2.000800 ms (FindLiveObjects: 0.140800 ms CreateObjectMapping: 0.069400 ms MarkObjects: 1.741900 ms  DeleteObjects: 0.048100 ms)

AssetImportParameters requested are different than current active one (requested -> active):
  custom:video-decoder-ogg-theora: a1e56fd34408186e4bbccfd4996cb3dc -> 
  custom:container-muxer-webm: aa71ff27fc2769a1b78a27578f13a17b -> 
  custom:container-demuxer-webm: 4f35f7cbe854078d1ac9338744f61a02 -> 
  custom:video-encoder-webm-vp8: eb34c28f22e8b96e1ab97ce403110664 -> 
  custom:audio-encoder-webm-vorbis: bf7c407c2cedff20999df2af8eb42d56 -> 
  custom:framework-win-MediaFoundation: 216162199b28c13a410421893ffa2e32 -> 
  custom:SearchIndexIgnoredProperties: e643bd26f0fe6173181afceb89e7c659 -> 
  custom:container-demuxer-ogg: 62fdf1f143b41e24485cea50d1cbac27 -> 
  custom:video-decoder-webm-vp8: 9c59270c3fd7afecdb556c50c9e8de78 -> 
  custom:audio-decoder-ogg-vorbis: bf7c407c2cedff20999df2af8eb42d56 -> 
