Using pre-set license
Built from '2021.3/staging' branch; Version is '2021.3.2f1 (d6360bedb9a0) revision 14038539'; Using compiler version '192829333'; Build Type 'Release'
OS: 'Windows 11  (10.0.22000) 64bit Professional' Language: 'ko' Physical Memory: 32555 MB
BatchMode: 1, IsHumanControllingUs: 0, StartBugReporterOnCrash: 0, Is64bit: 1, IsPro: 1

COMMAND LINE ARGUMENTS:
C:\Program Files\Unity\Hub\Editor\2021.3.2f1\Editor\Unity.exe
-adb2
-batchMode
-noUpm
-name
AssetImportWorker0
-projectPath
D:/Private_WorkRoom/workRoom
-logFile
Logs/AssetImportWorker0.log
-srvPort
62127
Successfully changed project path to: D:/Private_WorkRoom/workRoom
D:/Private_WorkRoom/workRoom
[UnityMemory] Configuration Parameters - Can be set up in boot.config
    "memorysetup-bucket-allocator-granularity=16"
    "memorysetup-bucket-allocator-bucket-count=8"
    "memorysetup-bucket-allocator-block-size=33554432"
    "memorysetup-bucket-allocator-block-count=8"
    "memorysetup-main-allocator-block-size=16777216"
    "memorysetup-thread-allocator-block-size=16777216"
    "memorysetup-gfx-main-allocator-block-size=16777216"
    "memorysetup-gfx-thread-allocator-block-size=16777216"
    "memorysetup-cache-allocator-block-size=4194304"
    "memorysetup-typetree-allocator-block-size=2097152"
    "memorysetup-profiler-bucket-allocator-granularity=16"
    "memorysetup-profiler-bucket-allocator-bucket-count=8"
    "memorysetup-profiler-bucket-allocator-block-size=33554432"
    "memorysetup-profiler-bucket-allocator-block-count=8"
    "memorysetup-profiler-allocator-block-size=16777216"
    "memorysetup-profiler-editor-allocator-block-size=1048576"
    "memorysetup-temp-allocator-size-main=16777216"
    "memorysetup-job-temp-allocator-block-size=2097152"
    "memorysetup-job-temp-allocator-block-size-background=1048576"
    "memorysetup-job-temp-allocator-reduction-small-platforms=262144"
    "memorysetup-temp-allocator-size-background-worker=32768"
    "memorysetup-temp-allocator-size-job-worker=262144"
    "memorysetup-temp-allocator-size-preload-manager=33554432"
    "memorysetup-temp-allocator-size-nav-mesh-worker=65536"
    "memorysetup-temp-allocator-size-audio-worker=65536"
    "memorysetup-temp-allocator-size-cloud-worker=32768"
    "memorysetup-temp-allocator-size-gi-baking-worker=262144"
    "memorysetup-temp-allocator-size-gfx=262144"
Refreshing native plugins compatible for Editor in 46.89 ms, found 3 plugins.
Preloading 0 native plugins for Editor in 0.00 ms.
Initialize engine version: 2021.3.2f1 (d6360bedb9a0)
[Subsystems] Discovering subsystems at path C:/Program Files/Unity/Hub/Editor/2021.3.2f1/Editor/Data/Resources/UnitySubsystems
[Subsystems] Discovering subsystems at path D:/Private_WorkRoom/workRoom/Assets
GfxDevice: creating device client; threaded=0; jobified=0
Direct3D:
    Version:  Direct3D 11.0 [level 11.1]
    Renderer: NVIDIA GeForce GTX 1080 (ID=0x1b80)
    Vendor:   NVIDIA
    VRAM:     8079 MB
    Driver:   31.0.15.1659
Initialize mono
Mono path[0] = 'C:/Program Files/Unity/Hub/Editor/2021.3.2f1/Editor/Data/Managed'
Mono path[1] = 'C:/Program Files/Unity/Hub/Editor/2021.3.2f1/Editor/Data/MonoBleedingEdge/lib/mono/unityjit-win32'
Mono config path = 'C:/Program Files/Unity/Hub/Editor/2021.3.2f1/Editor/Data/MonoBleedingEdge/etc'
Using monoOptions --debugger-agent=transport=dt_socket,embedding=1,server=y,suspend=n,address=127.0.0.1:56632
Begin MonoManager ReloadAssembly
Registering precompiled unity dll's ...
Register platform support module: C:/Program Files/Unity/Hub/Editor/2021.3.2f1/Editor/Data/PlaybackEngines/WindowsStandaloneSupport/UnityEditor.WindowsStandalone.Extensions.dll
Registered in 0.002487 seconds.
Native extension for WindowsStandalone target not found
Refreshing native plugins compatible for Editor in 47.60 ms, found 3 plugins.
Preloading 0 native plugins for Editor in 0.00 ms.
Mono: successfully reloaded assembly
- Completed reload, in  0.373 seconds
Domain Reload Profiling:
	ReloadAssembly (373ms)
		BeginReloadAssembly (45ms)
			ExecutionOrderSort (0ms)
			DisableScriptedObjects (0ms)
			BackupInstance (0ms)
			ReleaseScriptingObjects (0ms)
			CreateAndSetChildDomain (1ms)
		EndReloadAssembly (262ms)
			LoadAssemblies (44ms)
			RebuildTransferFunctionScriptingTraits (0ms)
			SetupTypeCache (60ms)
			ReleaseScriptCaches (0ms)
			RebuildScriptCaches (16ms)
			SetupLoadedEditorAssemblies (156ms)
				LogAssemblyErrors (0ms)
				InitializePlatformSupportModulesInManaged (4ms)
				SetLoadedEditorAssemblies (0ms)
				RefreshPlugins (48ms)
				BeforeProcessingInitializeOnLoad (1ms)
				ProcessInitializeOnLoadAttributes (75ms)
				ProcessInitializeOnLoadMethodAttributes (27ms)
				AfterProcessingInitializeOnLoad (0ms)
				EditorAssembliesLoaded (0ms)
			ExecutionOrderSort2 (0ms)
			AwakeInstancesAfterBackupRestoration (0ms)
Platform modules already initialized, skipping
Registering precompiled user dll's ...
Registered in 0.001741 seconds.
Begin MonoManager ReloadAssembly
Symbol file LoadedFromMemory doesn't match image D:\Private_WorkRoom\workRoom\Library\PackageCache\com.unity.visualscripting@1.7.6\Editor\VisualScripting.Core\Dependencies\YamlDotNet\Unity.VisualScripting.YamlDotNet.dll
Symbol file LoadedFromMemory doesn't match image D:\Private_WorkRoom\workRoom\Library\PackageCache\com.unity.visualscripting@1.7.6\Editor\VisualScripting.Core\Dependencies\DotNetZip\Unity.VisualScripting.IonicZip.dll
Native extension for WindowsStandalone target not found
Refreshing native plugins compatible for Editor in 0.33 ms, found 3 plugins.
Preloading 0 native plugins for Editor in 0.00 ms.
Mono: successfully reloaded assembly
- Completed reload, in  0.587 seconds
Domain Reload Profiling:
	ReloadAssembly (587ms)
		BeginReloadAssembly (65ms)
			ExecutionOrderSort (0ms)
			DisableScriptedObjects (3ms)
			BackupInstance (0ms)
			ReleaseScriptingObjects (0ms)
			CreateAndSetChildDomain (11ms)
		EndReloadAssembly (455ms)
			LoadAssemblies (45ms)
			RebuildTransferFunctionScriptingTraits (0ms)
			SetupTypeCache (148ms)
			ReleaseScriptCaches (0ms)
			RebuildScriptCaches (29ms)
			SetupLoadedEditorAssemblies (207ms)
				LogAssemblyErrors (0ms)
				InitializePlatformSupportModulesInManaged (3ms)
				SetLoadedEditorAssemblies (0ms)
				RefreshPlugins (0ms)
				BeforeProcessingInitializeOnLoad (48ms)
				ProcessInitializeOnLoadAttributes (135ms)
				ProcessInitializeOnLoadMethodAttributes (17ms)
				AfterProcessingInitializeOnLoad (3ms)
				EditorAssembliesLoaded (0ms)
			ExecutionOrderSort2 (0ms)
			AwakeInstancesAfterBackupRestoration (4ms)
Platform modules already initialized, skipping
========================================================================
Worker process is ready to serve import requests
Launched and connected shader compiler UnityShaderCompiler.exe after 0.04 seconds
Refreshing native plugins compatible for Editor in 0.33 ms, found 3 plugins.
Preloading 0 native plugins for Editor in 0.00 ms.
Unloading 3360 Unused Serialized files (Serialized files now loaded: 0)
Unloading 26 unused Assets / (112.4 KB). Loaded Objects now: 3817.
Memory consumption went from 115.7 MB to 115.6 MB.
Total: 2.109100 ms (FindLiveObjects: 0.155900 ms CreateObjectMapping: 0.075200 ms MarkObjects: 1.808600 ms  DeleteObjects: 0.068700 ms)

AssetImportParameters requested are different than current active one (requested -> active):
  custom:video-decoder-ogg-theora: a1e56fd34408186e4bbccfd4996cb3dc -> 
  custom:container-muxer-webm: aa71ff27fc2769a1b78a27578f13a17b -> 
  custom:container-demuxer-webm: 4f35f7cbe854078d1ac9338744f61a02 -> 
  custom:video-encoder-webm-vp8: eb34c28f22e8b96e1ab97ce403110664 -> 
  custom:audio-encoder-webm-vorbis: bf7c407c2cedff20999df2af8eb42d56 -> 
  custom:framework-win-MediaFoundation: 216162199b28c13a410421893ffa2e32 -> 
  custom:container-demuxer-ogg: 62fdf1f143b41e24485cea50d1cbac27 -> 
  custom:video-decoder-webm-vp8: 9c59270c3fd7afecdb556c50c9e8de78 -> 
  custom:audio-decoder-ogg-vorbis: bf7c407c2cedff20999df2af8eb42d56 -> 
========================================================================
Received Import Request.
  Time since last request: 16919.823875 seconds.
  path: Assets/Scenes/SampleScene.unity
  artifactKey: Guid(9fc0d4010bbf28b4594072e72b8655ab) Importer(815301076,1909f56bfc062723c751e8b465ee728b)
Start importing Assets/Scenes/SampleScene.unity using Guid(9fc0d4010bbf28b4594072e72b8655ab) Importer(815301076,1909f56bfc062723c751e8b465ee728b)  -> (artifact id: 'e55ccaa32d8e5c1de03c07a5412c8c3c') in 0.006284 seconds 
========================================================================
Received Import Request.
  Time since last request: 3.574426 seconds.
  path: Assets/Scenes/SampleScene 1.unity
  artifactKey: Guid(5481953b15f1d644b84a1c29e6ea8bf6) Importer(815301076,1909f56bfc062723c751e8b465ee728b)
Start importing Assets/Scenes/SampleScene 1.unity using Guid(5481953b15f1d644b84a1c29e6ea8bf6) Importer(815301076,1909f56bfc062723c751e8b465ee728b)  -> (artifact id: 'a65f8ef82a2050a78c15f4f8caabc744') in 0.003451 seconds 
========================================================================
Received Import Request.
  Time since last request: 358.443583 seconds.
  path: Assets/Scenes/PrototypeScene_BASE.unity
  artifactKey: Guid(9fc0d4010bbf28b4594072e72b8655ab) Importer(815301076,1909f56bfc062723c751e8b465ee728b)
Start importing Assets/Scenes/PrototypeScene_BASE.unity using Guid(9fc0d4010bbf28b4594072e72b8655ab) Importer(815301076,1909f56bfc062723c751e8b465ee728b)  -> (artifact id: '0efa1589bfdc1d3f8130685587d77293') in 0.004541 seconds 
========================================================================
Received Import Request.
  Time since last request: 1043.363726 seconds.
  path: Assets
  artifactKey: Guid(00000000000000001000000000000000) Importer(815301076,1909f56bfc062723c751e8b465ee728b)
Start importing Assets using Guid(00000000000000001000000000000000) Importer(815301076,1909f56bfc062723c751e8b465ee728b)  -> (artifact id: '79842766b460edbeab6a34051e857a80') in 0.004884 seconds 
========================================================================
Received Import Request.
  Time since last request: 5.395308 seconds.
  path: Assets/Materials
  artifactKey: Guid(1eed2e5cd8e72794cb2848ea880ab3bb) Importer(815301076,1909f56bfc062723c751e8b465ee728b)
Start importing Assets/Materials using Guid(1eed2e5cd8e72794cb2848ea880ab3bb) Importer(815301076,1909f56bfc062723c751e8b465ee728b)  -> (artifact id: '028c05dd45f54ef4b03ef84183d88dfe') in 0.003863 seconds 
========================================================================
Received Import Request.
  Time since last request: 460.886542 seconds.
  path: Assets/BigFurniturePack/Prefabs
  artifactKey: Guid(0ca55815669e4364695ce5d716f50051) Importer(815301076,1909f56bfc062723c751e8b465ee728b)
Start importing Assets/BigFurniturePack/Prefabs using Guid(0ca55815669e4364695ce5d716f50051) Importer(815301076,1909f56bfc062723c751e8b465ee728b)  -> (artifact id: '3fd9dc47ca447eea34fae295d78661a3') in 0.004386 seconds 
========================================================================
Received Import Request.
  Time since last request: 7.637900 seconds.
  path: Assets/BigFurniturePack/Prefabs/Tables/coffee_table_1.prefab
  artifactKey: Guid(6aefd9b8d8cb28f4f87b54d78bf0fca3) Importer(815301076,1909f56bfc062723c751e8b465ee728b)
Start importing Assets/BigFurniturePack/Prefabs/Tables/coffee_table_1.prefab using Guid(6aefd9b8d8cb28f4f87b54d78bf0fca3) Importer(815301076,1909f56bfc062723c751e8b465ee728b)  -> (artifact id: '5c965686d84921281a95b2f0d8408cdf') in 0.209510 seconds 
========================================================================
Received Import Request.
  Time since last request: 0.660415 seconds.
  path: Assets/BigFurniturePack/Prefabs/Tables/coffee_table_2.prefab
  artifactKey: Guid(3f80adb8cf0fdec4ebee1e2103a3e242) Importer(815301076,1909f56bfc062723c751e8b465ee728b)
Start importing Assets/BigFurniturePack/Prefabs/Tables/coffee_table_2.prefab using Guid(3f80adb8cf0fdec4ebee1e2103a3e242) Importer(815301076,1909f56bfc062723c751e8b465ee728b)  -> (artifact id: '739496d80c14ee271c67d050d7c94d20') in 0.008976 seconds 
========================================================================
Received Import Request.
  Time since last request: 0.528739 seconds.
  path: Assets/BigFurniturePack/Prefabs/Tables/coffee_table_4.prefab
  artifactKey: Guid(395f9d952fa0b6c489ca4a50a9f95953) Importer(815301076,1909f56bfc062723c751e8b465ee728b)
Start importing Assets/BigFurniturePack/Prefabs/Tables/coffee_table_4.prefab using Guid(395f9d952fa0b6c489ca4a50a9f95953) Importer(815301076,1909f56bfc062723c751e8b465ee728b)  -> (artifact id: '82b59984ca6f25883c0b74888d84341b') in 0.008314 seconds 
========================================================================
Received Import Request.
  Time since last request: 0.518978 seconds.
  path: Assets/BigFurniturePack/Prefabs/Tables/kitchen_table_2.prefab
  artifactKey: Guid(398008aaa9b8a2e4ebd3860a13db4038) Importer(815301076,1909f56bfc062723c751e8b465ee728b)
Start importing Assets/BigFurniturePack/Prefabs/Tables/kitchen_table_2.prefab using Guid(398008aaa9b8a2e4ebd3860a13db4038) Importer(815301076,1909f56bfc062723c751e8b465ee728b)  -> (artifact id: '08e455a37277a6b27d7561bc3bad540b') in 0.007604 seconds 
========================================================================
Received Import Request.
  Time since last request: 1.667965 seconds.
  path: Assets/BigFurniturePack/Prefabs/Tables/table_1.prefab
  artifactKey: Guid(da90dd5c59fc7b74797111fdae04254f) Importer(815301076,1909f56bfc062723c751e8b465ee728b)
Start importing Assets/BigFurniturePack/Prefabs/Tables/table_1.prefab using Guid(da90dd5c59fc7b74797111fdae04254f) Importer(815301076,1909f56bfc062723c751e8b465ee728b)  -> (artifact id: '656437d0b03700cf2cae27305baa8676') in 0.007600 seconds 
========================================================================
Received Import Request.
  Time since last request: 0.599285 seconds.
  path: Assets/BigFurniturePack/Prefabs/Tables/table_2.prefab
  artifactKey: Guid(89131f46d6bfc864699138153a2cc996) Importer(815301076,1909f56bfc062723c751e8b465ee728b)
Start importing Assets/BigFurniturePack/Prefabs/Tables/table_2.prefab using Guid(89131f46d6bfc864699138153a2cc996) Importer(815301076,1909f56bfc062723c751e8b465ee728b)  -> (artifact id: '1ff130fda61ea259e024afc10d77dc9e') in 0.010887 seconds 
========================================================================
Received Import Request.
  Time since last request: 0.426702 seconds.
  path: Assets/BigFurniturePack/Prefabs/Tables/tv_table_1.prefab
  artifactKey: Guid(dce57d1e50d1fef489ee2d0fe5716701) Importer(815301076,1909f56bfc062723c751e8b465ee728b)
Start importing Assets/BigFurniturePack/Prefabs/Tables/tv_table_1.prefab using Guid(dce57d1e50d1fef489ee2d0fe5716701) Importer(815301076,1909f56bfc062723c751e8b465ee728b)  -> (artifact id: 'bea2824ccfa880246fc8a31321e6e33e') in 0.008394 seconds 
========================================================================
Received Import Request.
  Time since last request: 195.901213 seconds.
  path: Assets/BigFurniturePack/Prefabs/Beds/bed_1.prefab
  artifactKey: Guid(a11d318bf37c01d489a19dc2dc33ed7d) Importer(815301076,1909f56bfc062723c751e8b465ee728b)
Start importing Assets/BigFurniturePack/Prefabs/Beds/bed_1.prefab using Guid(a11d318bf37c01d489a19dc2dc33ed7d) Importer(815301076,1909f56bfc062723c751e8b465ee728b)  -> (artifact id: '10606fea4407410027d433d29be6d451') in 0.010982 seconds 
========================================================================
Received Import Request.
  Time since last request: 0.568170 seconds.
  path: Assets/BigFurniturePack/Prefabs/Beds/bed_2.prefab
  artifactKey: Guid(b4bf5e3a00974a94ea1549814fc16ebf) Importer(815301076,1909f56bfc062723c751e8b465ee728b)
Start importing Assets/BigFurniturePack/Prefabs/Beds/bed_2.prefab using Guid(b4bf5e3a00974a94ea1549814fc16ebf) Importer(815301076,1909f56bfc062723c751e8b465ee728b)  -> (artifact id: '6aca41bbd528d2beb7cca1a110e708ca') in 0.009266 seconds 
========================================================================
Received Import Request.
  Time since last request: 0.444442 seconds.
  path: Assets/BigFurniturePack/Prefabs/Cabinets&Racks
  artifactKey: Guid(bd06282acfb51db45908ae25a896c79f) Importer(815301076,1909f56bfc062723c751e8b465ee728b)
Start importing Assets/BigFurniturePack/Prefabs/Cabinets&Racks using Guid(bd06282acfb51db45908ae25a896c79f) Importer(815301076,1909f56bfc062723c751e8b465ee728b)  -> (artifact id: 'bcdb789b66680c159b0396d3c6ef0fe6') in 0.003604 seconds 
========================================================================
Received Import Request.
  Time since last request: 0.610634 seconds.
  path: Assets/BigFurniturePack/Prefabs/Beds/bed_3.prefab
  artifactKey: Guid(b3cad47395084a24ab9316d8de9eba94) Importer(815301076,1909f56bfc062723c751e8b465ee728b)
Start importing Assets/BigFurniturePack/Prefabs/Beds/bed_3.prefab using Guid(b3cad47395084a24ab9316d8de9eba94) Importer(815301076,1909f56bfc062723c751e8b465ee728b)  -> (artifact id: '39b8e4299bbff0528e49e8ccd112d648') in 0.009385 seconds 
========================================================================
Received Import Request.
  Time since last request: 33.793290 seconds.
  path: Assets/BigFurniturePack/Textures/cloth_1.jpg
  artifactKey: Guid(db4265b11df6af1438db306cd16c60ee) Importer(815301076,1909f56bfc062723c751e8b465ee728b)
Start importing Assets/BigFurniturePack/Textures/cloth_1.jpg using Guid(db4265b11df6af1438db306cd16c60ee) Importer(815301076,1909f56bfc062723c751e8b465ee728b)  -> (artifact id: 'be8ee29a599f1d078f02403a02c3decc') in 0.030155 seconds 
========================================================================
Received Import Request.
  Time since last request: 1.066918 seconds.
  path: Assets/BigFurniturePack/Textures/wood_2.jpg
  artifactKey: Guid(2d3f16073f817e74ca26282b96b3593b) Importer(815301076,1909f56bfc062723c751e8b465ee728b)
Start importing Assets/BigFurniturePack/Textures/wood_2.jpg using Guid(2d3f16073f817e74ca26282b96b3593b) Importer(815301076,1909f56bfc062723c751e8b465ee728b)  -> (artifact id: 'd776cf4c4e32bfcfa63d9e448d6c9bf5') in 0.008565 seconds 
========================================================================
Received Import Request.
  Time since last request: 0.438037 seconds.
  path: Assets/BigFurniturePack/Textures/floor.jpg
  artifactKey: Guid(5b23a0b3534da9b44975ad134ad8033a) Importer(815301076,1909f56bfc062723c751e8b465ee728b)
Start importing Assets/BigFurniturePack/Textures/floor.jpg using Guid(5b23a0b3534da9b44975ad134ad8033a) Importer(815301076,1909f56bfc062723c751e8b465ee728b)  -> (artifact id: '2ba01e50a489ea49622aa3c25603ee64') in 0.007567 seconds 
========================================================================
Received Import Request.
  Time since last request: 205.216588 seconds.
  path: Assets/BigFurniturePack/Textures/cloth_2.jpg
  artifactKey: Guid(06d346647450a0d4688aa76e20b03d78) Importer(815301076,1909f56bfc062723c751e8b465ee728b)
Start importing Assets/BigFurniturePack/Textures/cloth_2.jpg using Guid(06d346647450a0d4688aa76e20b03d78) Importer(815301076,1909f56bfc062723c751e8b465ee728b)  -> (artifact id: '2f4bf07d794adf60dee6fe7dda0dde97') in 0.009984 seconds 
========================================================================
Received Import Request.
  Time since last request: 0.535117 seconds.
  path: Assets/BigFurniturePack/Textures/cloth_3.jpg
  artifactKey: Guid(4acc9fdd66048cb4e96d08ca021d5f41) Importer(815301076,1909f56bfc062723c751e8b465ee728b)
Start importing Assets/BigFurniturePack/Textures/cloth_3.jpg using Guid(4acc9fdd66048cb4e96d08ca021d5f41) Importer(815301076,1909f56bfc062723c751e8b465ee728b)  -> (artifact id: '3f510c39a2be6d7ef3641739c68e4871') in 0.007630 seconds 
========================================================================
Received Import Request.
  Time since last request: 0.523294 seconds.
  path: Assets/BigFurniturePack/Textures/cloth_4.jpg
  artifactKey: Guid(8742cf5389ec13846ae404783db50532) Importer(815301076,1909f56bfc062723c751e8b465ee728b)
Start importing Assets/BigFurniturePack/Textures/cloth_4.jpg using Guid(8742cf5389ec13846ae404783db50532) Importer(815301076,1909f56bfc062723c751e8b465ee728b)  -> (artifact id: '9e0a31bd1b3b4a8a8362a6dc1159f9ee') in 0.007998 seconds 
========================================================================
Received Import Request.
  Time since last request: 118.791112 seconds.
  path: Assets/BigFurniturePack/Prefabs/Vases
  artifactKey: Guid(7c1682f5c5b5dbb4ca7becb897fa6c81) Importer(815301076,1909f56bfc062723c751e8b465ee728b)
Start importing Assets/BigFurniturePack/Prefabs/Vases using Guid(7c1682f5c5b5dbb4ca7becb897fa6c81) Importer(815301076,1909f56bfc062723c751e8b465ee728b)  -> (artifact id: '7aa63a7d82f009ac4a37893bbec660b2') in 0.005654 seconds 
========================================================================
Received Import Request.
  Time since last request: 1.283734 seconds.
  path: Assets/BigFurniturePack/Prefabs/Vases/vase_1.prefab
  artifactKey: Guid(caa8fd4c881e43744b8164d904df19c6) Importer(815301076,1909f56bfc062723c751e8b465ee728b)
Start importing Assets/BigFurniturePack/Prefabs/Vases/vase_1.prefab using Guid(caa8fd4c881e43744b8164d904df19c6) Importer(815301076,1909f56bfc062723c751e8b465ee728b)  -> (artifact id: '0047ffbef12c0325c38a8d7a28315bca') in 0.013217 seconds 
========================================================================
Received Import Request.
  Time since last request: 0.871637 seconds.
  path: Assets/BigFurniturePack/Prefabs/Vases/plate.prefab
  artifactKey: Guid(da54b27642860c745b145c776f596680) Importer(815301076,1909f56bfc062723c751e8b465ee728b)
Start importing Assets/BigFurniturePack/Prefabs/Vases/plate.prefab using Guid(da54b27642860c745b145c776f596680) Importer(815301076,1909f56bfc062723c751e8b465ee728b)  -> (artifact id: '8395d5133fad07d3565acff33a28cfb1') in 0.007818 seconds 
========================================================================
Received Import Request.
  Time since last request: 2.891237 seconds.
  path: Assets/BigFurniturePack/Prefabs/Sofas&Chairs/chair_1.prefab
  artifactKey: Guid(d2a377b97363a554a96a26b876de1213) Importer(815301076,1909f56bfc062723c751e8b465ee728b)
Start importing Assets/BigFurniturePack/Prefabs/Sofas&Chairs/chair_1.prefab using Guid(d2a377b97363a554a96a26b876de1213) Importer(815301076,1909f56bfc062723c751e8b465ee728b)  -> (artifact id: 'f5894ff7c73837d9b92a7f218b57a59c') in 0.007696 seconds 
========================================================================
Received Import Request.
  Time since last request: 0.626571 seconds.
  path: Assets/BigFurniturePack/Prefabs/Sofas&Chairs/chair_3.prefab
  artifactKey: Guid(71384cbc628fa864eb38a3ce9020699c) Importer(815301076,1909f56bfc062723c751e8b465ee728b)
Start importing Assets/BigFurniturePack/Prefabs/Sofas&Chairs/chair_3.prefab using Guid(71384cbc628fa864eb38a3ce9020699c) Importer(815301076,1909f56bfc062723c751e8b465ee728b)  -> (artifact id: 'f558c0908f89180997a3757f00b9ef9f') in 0.009168 seconds 
========================================================================
Received Import Request.
  Time since last request: 0.543573 seconds.
  path: Assets/BigFurniturePack/Prefabs/Sofas&Chairs/chair_4.prefab
  artifactKey: Guid(d534d0198c237a043a8e671f0bf2859e) Importer(815301076,1909f56bfc062723c751e8b465ee728b)
Start importing Assets/BigFurniturePack/Prefabs/Sofas&Chairs/chair_4.prefab using Guid(d534d0198c237a043a8e671f0bf2859e) Importer(815301076,1909f56bfc062723c751e8b465ee728b)  -> (artifact id: '13a6f6666a26160583f9f263b1cad1bd') in 0.011878 seconds 
========================================================================
Received Import Request.
  Time since last request: 100.185044 seconds.
  path: Assets/BigFurniturePack/Prefabs/Cabinets&Racks/cabinet_1.prefab
  artifactKey: Guid(2efb098e46ba3e44cae4f1ba84005732) Importer(815301076,1909f56bfc062723c751e8b465ee728b)
Start importing Assets/BigFurniturePack/Prefabs/Cabinets&Racks/cabinet_1.prefab using Guid(2efb098e46ba3e44cae4f1ba84005732) Importer(815301076,1909f56bfc062723c751e8b465ee728b)  -> (artifact id: 'b26ca5371fb45d0e6e6164097fd52dc1') in 0.008628 seconds 
========================================================================
Received Import Request.
  Time since last request: 0.674733 seconds.
  path: Assets/BigFurniturePack/Prefabs/Cabinets&Racks/cabinet_2.prefab
  artifactKey: Guid(6cb4f5f750494f740a101f4c67f3f2c0) Importer(815301076,1909f56bfc062723c751e8b465ee728b)
Start importing Assets/BigFurniturePack/Prefabs/Cabinets&Racks/cabinet_2.prefab using Guid(6cb4f5f750494f740a101f4c67f3f2c0) Importer(815301076,1909f56bfc062723c751e8b465ee728b)  -> (artifact id: '101efd09c2539d3722b2fa48026d43d7') in 0.007839 seconds 
========================================================================
Received Import Request.
  Time since last request: 0.361672 seconds.
  path: Assets/BigFurniturePack/Prefabs/Cabinets&Racks/rack_1.prefab
  artifactKey: Guid(51df288df6d8c864aae27c801a5fd8a5) Importer(815301076,1909f56bfc062723c751e8b465ee728b)
Start importing Assets/BigFurniturePack/Prefabs/Cabinets&Racks/rack_1.prefab using Guid(51df288df6d8c864aae27c801a5fd8a5) Importer(815301076,1909f56bfc062723c751e8b465ee728b)  -> (artifact id: 'ff479b44b18ac20557d6c50597965d34') in 0.008219 seconds 
========================================================================
Received Import Request.
  Time since last request: 98.818435 seconds.
  path: Assets/Scripts
  artifactKey: Guid(cd753ac1d1a1eaa44a59784ba5bd1868) Importer(815301076,1909f56bfc062723c751e8b465ee728b)
Start importing Assets/Scripts using Guid(cd753ac1d1a1eaa44a59784ba5bd1868) Importer(815301076,1909f56bfc062723c751e8b465ee728b)  -> (artifact id: '98e510c03eb6e2467a04ccf39397a70a') in 0.003252 seconds 
========================================================================
Received Import Request.
  Time since last request: 9.832171 seconds.
  path: Assets/Scripts/GameManager.cs
  artifactKey: Guid(b42f917af0d3df24fbc81b951ba72360) Importer(815301076,1909f56bfc062723c751e8b465ee728b)
Start importing Assets/Scripts/GameManager.cs using Guid(b42f917af0d3df24fbc81b951ba72360) Importer(815301076,1909f56bfc062723c751e8b465ee728b)  -> (artifact id: '4b1d2bdf1dc45ef08b81acd8f24cc249') in 0.016295 seconds 
========================================================================
Received Prepare
Registering precompiled user dll's ...
Registered in 0.001518 seconds.
Begin MonoManager ReloadAssembly
Symbol file LoadedFromMemory doesn't match image D:\Private_WorkRoom\workRoom\Library\PackageCache\com.unity.visualscripting@1.7.6\Editor\VisualScripting.Core\Dependencies\YamlDotNet\Unity.VisualScripting.YamlDotNet.dll
Symbol file LoadedFromMemory doesn't match image D:\Private_WorkRoom\workRoom\Library\PackageCache\com.unity.visualscripting@1.7.6\Editor\VisualScripting.Core\Dependencies\DotNetZip\Unity.VisualScripting.IonicZip.dll
Native extension for WindowsStandalone target not found
Refreshing native plugins compatible for Editor in 0.39 ms, found 3 plugins.
Preloading 0 native plugins for Editor in 0.00 ms.
Mono: successfully reloaded assembly
- Completed reload, in  0.594 seconds
Domain Reload Profiling:
	ReloadAssembly (594ms)
		BeginReloadAssembly (88ms)
			ExecutionOrderSort (0ms)
			DisableScriptedObjects (3ms)
			BackupInstance (0ms)
			ReleaseScriptingObjects (0ms)
			CreateAndSetChildDomain (25ms)
		EndReloadAssembly (449ms)
			LoadAssemblies (46ms)
			RebuildTransferFunctionScriptingTraits (0ms)
			SetupTypeCache (152ms)
			ReleaseScriptCaches (1ms)
			RebuildScriptCaches (23ms)
			SetupLoadedEditorAssemblies (200ms)
				LogAssemblyErrors (0ms)
				InitializePlatformSupportModulesInManaged (8ms)
				SetLoadedEditorAssemblies (0ms)
				RefreshPlugins (0ms)
				BeforeProcessingInitializeOnLoad (39ms)
				ProcessInitializeOnLoadAttributes (131ms)
				ProcessInitializeOnLoadMethodAttributes (18ms)
				AfterProcessingInitializeOnLoad (3ms)
				EditorAssembliesLoaded (0ms)
			ExecutionOrderSort2 (0ms)
			AwakeInstancesAfterBackupRestoration (4ms)
Platform modules already initialized, skipping
Refreshing native plugins compatible for Editor in 0.89 ms, found 3 plugins.
Preloading 0 native plugins for Editor in 0.00 ms.
Unloading 3356 Unused Serialized files (Serialized files now loaded: 0)
Unloading 19 unused Assets / (79.3 KB). Loaded Objects now: 3830.
Memory consumption went from 120.1 MB to 120.0 MB.
Total: 1.975800 ms (FindLiveObjects: 0.144300 ms CreateObjectMapping: 0.063500 ms MarkObjects: 1.708100 ms  DeleteObjects: 0.059100 ms)

AssetImportParameters requested are different than current active one (requested -> active):
  custom:video-decoder-ogg-theora: a1e56fd34408186e4bbccfd4996cb3dc -> 
  custom:container-muxer-webm: aa71ff27fc2769a1b78a27578f13a17b -> 
  custom:container-demuxer-webm: 4f35f7cbe854078d1ac9338744f61a02 -> 
  custom:video-encoder-webm-vp8: eb34c28f22e8b96e1ab97ce403110664 -> 
  custom:audio-encoder-webm-vorbis: bf7c407c2cedff20999df2af8eb42d56 -> 
  custom:framework-win-MediaFoundation: 216162199b28c13a410421893ffa2e32 -> 
  custom:container-demuxer-ogg: 62fdf1f143b41e24485cea50d1cbac27 -> 
  custom:video-decoder-webm-vp8: 9c59270c3fd7afecdb556c50c9e8de78 -> 
  custom:audio-decoder-ogg-vorbis: bf7c407c2cedff20999df2af8eb42d56 -> 
========================================================================
Received Prepare
Registering precompiled user dll's ...
Registered in 0.001513 seconds.
Begin MonoManager ReloadAssembly
Symbol file LoadedFromMemory doesn't match image D:\Private_WorkRoom\workRoom\Library\PackageCache\com.unity.visualscripting@1.7.6\Editor\VisualScripting.Core\Dependencies\YamlDotNet\Unity.VisualScripting.YamlDotNet.dll
Symbol file LoadedFromMemory doesn't match image D:\Private_WorkRoom\workRoom\Library\PackageCache\com.unity.visualscripting@1.7.6\Editor\VisualScripting.Core\Dependencies\DotNetZip\Unity.VisualScripting.IonicZip.dll
Native extension for WindowsStandalone target not found
Refreshing native plugins compatible for Editor in 0.38 ms, found 3 plugins.
Preloading 0 native plugins for Editor in 0.00 ms.
Mono: successfully reloaded assembly
- Completed reload, in  0.580 seconds
Domain Reload Profiling:
	ReloadAssembly (580ms)
		BeginReloadAssembly (83ms)
			ExecutionOrderSort (0ms)
			DisableScriptedObjects (3ms)
			BackupInstance (0ms)
			ReleaseScriptingObjects (0ms)
			CreateAndSetChildDomain (23ms)
		EndReloadAssembly (442ms)
			LoadAssemblies (44ms)
			RebuildTransferFunctionScriptingTraits (0ms)
			SetupTypeCache (150ms)
			ReleaseScriptCaches (1ms)
			RebuildScriptCaches (22ms)
			SetupLoadedEditorAssemblies (199ms)
				LogAssemblyErrors (0ms)
				InitializePlatformSupportModulesInManaged (8ms)
				SetLoadedEditorAssemblies (0ms)
				RefreshPlugins (0ms)
				BeforeProcessingInitializeOnLoad (38ms)
				ProcessInitializeOnLoadAttributes (134ms)
				ProcessInitializeOnLoadMethodAttributes (16ms)
				AfterProcessingInitializeOnLoad (3ms)
				EditorAssembliesLoaded (0ms)
			ExecutionOrderSort2 (0ms)
			AwakeInstancesAfterBackupRestoration (4ms)
Platform modules already initialized, skipping
Refreshing native plugins compatible for Editor in 0.80 ms, found 3 plugins.
Preloading 0 native plugins for Editor in 0.00 ms.
Unloading 3356 Unused Serialized files (Serialized files now loaded: 0)
Unloading 19 unused Assets / (79.3 KB). Loaded Objects now: 3833.
Memory consumption went from 120.1 MB to 120.0 MB.
Total: 2.038400 ms (FindLiveObjects: 0.165700 ms CreateObjectMapping: 0.078800 ms MarkObjects: 1.733400 ms  DeleteObjects: 0.059900 ms)

AssetImportParameters requested are different than current active one (requested -> active):
  custom:video-decoder-ogg-theora: a1e56fd34408186e4bbccfd4996cb3dc -> 
  custom:container-muxer-webm: aa71ff27fc2769a1b78a27578f13a17b -> 
  custom:container-demuxer-webm: 4f35f7cbe854078d1ac9338744f61a02 -> 
  custom:video-encoder-webm-vp8: eb34c28f22e8b96e1ab97ce403110664 -> 
  custom:audio-encoder-webm-vorbis: bf7c407c2cedff20999df2af8eb42d56 -> 
  custom:framework-win-MediaFoundation: 216162199b28c13a410421893ffa2e32 -> 
  custom:container-demuxer-ogg: 62fdf1f143b41e24485cea50d1cbac27 -> 
  custom:video-decoder-webm-vp8: 9c59270c3fd7afecdb556c50c9e8de78 -> 
  custom:audio-decoder-ogg-vorbis: bf7c407c2cedff20999df2af8eb42d56 -> 
========================================================================
Received Import Request.
  Time since last request: 541.951834 seconds.
  path: Assets/Scenes/PrototypeScene_BASE.unity
  artifactKey: Guid(9fc0d4010bbf28b4594072e72b8655ab) Importer(815301076,1909f56bfc062723c751e8b465ee728b)
Start importing Assets/Scenes/PrototypeScene_BASE.unity using Guid(9fc0d4010bbf28b4594072e72b8655ab) Importer(815301076,1909f56bfc062723c751e8b465ee728b)  -> (artifact id: '72eff4e32a4af7527ec250492844a284') in 0.009030 seconds 
========================================================================
Received Import Request.
  Time since last request: 6.936395 seconds.
  path: Assets/Scenes/MainScene_BASE.unity
  artifactKey: Guid(9fc0d4010bbf28b4594072e72b8655ab) Importer(815301076,1909f56bfc062723c751e8b465ee728b)
Start importing Assets/Scenes/MainScene_BASE.unity using Guid(9fc0d4010bbf28b4594072e72b8655ab) Importer(815301076,1909f56bfc062723c751e8b465ee728b)  -> (artifact id: '8b13910944b5e35c02d4a923a22babd6') in 0.003577 seconds 
